{"total": {"lines":{"total":22045,"covered":11533,"skipped":0,"pct":52.31},"statements":{"total":25280,"covered":12792,"skipped":0,"pct":50.6},"functions":{"total":4764,"covered":2562,"skipped":0,"pct":53.77},"branches":{"total":17498,"covered":7727,"skipped":0,"pct":44.15},"branchesTrue":{"total":0,"covered":0,"skipped":0,"pct":100}}
,"F:\\workspaces\\station1\\stations\\station10\\ComfyUI-Launcher\\locales\\en.json": {"lines":{"total":0,"covered":0,"skipped":0,"pct":100},"functions":{"total":0,"covered":0,"skipped":0,"pct":100},"statements":{"total":0,"covered":0,"skipped":0,"pct":100},"branches":{"total":0,"covered":0,"skipped":0,"pct":100}}
,"F:\\workspaces\\station1\\stations\\station10\\ComfyUI-Launcher\\locales\\zh.json": {"lines":{"total":0,"covered":0,"skipped":0,"pct":100},"functions":{"total":0,"covered":0,"skipped":0,"pct":100},"statements":{"total":0,"covered":0,"skipped":0,"pct":100},"branches":{"total":0,"covered":0,"skipped":0,"pct":100}}
,"F:\\workspaces\\station1\\stations\\station10\\ComfyUI-Launcher\\src\\main\\installations.ts": {"lines":{"total":169,"covered":130,"skipped":0,"pct":76.92},"functions":{"total":46,"covered":32,"skipped":0,"pct":69.56},"statements":{"total":199,"covered":149,"skipped":0,"pct":74.87},"branches":{"total":87,"covered":67,"skipped":0,"pct":77.01}}
,"F:\\workspaces\\station1\\stations\\station10\\ComfyUI-Launcher\\src\\main\\menu.ts": {"lines":{"total":14,"covered":12,"skipped":0,"pct":85.71},"functions":{"total":4,"covered":2,"skipped":0,"pct":50},"statements":{"total":14,"covered":12,"skipped":0,"pct":85.71},"branches":{"total":13,"covered":13,"skipped":0,"pct":100}}
,"F:\\workspaces\\station1\\stations\\station10\\ComfyUI-Launcher\\src\\main\\settings.ts": {"lines":{"total":215,"covered":195,"skipped":0,"pct":90.69},"functions":{"total":39,"covered":35,"skipped":0,"pct":89.74},"statements":{"total":245,"covered":212,"skipped":0,"pct":86.53},"branches":{"total":212,"covered":177,"skipped":0,"pct":83.49}}
,"F:\\workspaces\\station1\\stations\\station10\\ComfyUI-Launcher\\src\\main\\auth\\firebaseBridge\\bridgeHtml.ts": {"lines":{"total":17,"covered":16,"skipped":0,"pct":94.11},"functions":{"total":5,"covered":4,"skipped":0,"pct":80},"statements":{"total":17,"covered":16,"skipped":0,"pct":94.11},"branches":{"total":0,"covered":0,"skipped":0,"pct":100}}
,"F:\\workspaces\\station1\\stations\\station10\\ComfyUI-Launcher\\src\\main\\auth\\firebaseBridge\\config.ts": {"lines":{"total":8,"covered":8,"skipped":0,"pct":100},"functions":{"total":2,"covered":2,"skipped":0,"pct":100},"statements":{"total":9,"covered":9,"skipped":0,"pct":100},"branches":{"total":4,"covered":4,"skipped":0,"pct":100}}
,"F:\\workspaces\\station1\\stations\\station10\\ComfyUI-Launcher\\src\\main\\auth\\firebaseBridge\\copyLinkBanner.ts": {"lines":{"total":10,"covered":10,"skipped":0,"pct":100},"functions":{"total":2,"covered":2,"skipped":0,"pct":100},"statements":{"total":10,"covered":10,"skipped":0,"pct":100},"branches":{"total":0,"covered":0,"skipped":0,"pct":100}}
,"F:\\workspaces\\station1\\stations\\station10\\ComfyUI-Launcher\\src\\main\\auth\\firebaseBridge\\index.ts": {"lines":{"total":64,"covered":3,"skipped":0,"pct":4.68},"functions":{"total":11,"covered":0,"skipped":0,"pct":0},"statements":{"total":75,"covered":3,"skipped":0,"pct":4},"branches":{"total":45,"covered":0,"skipped":0,"pct":0}}
,"F:\\workspaces\\station1\\stations\\station10\\ComfyUI-Launcher\\src\\main\\auth\\firebaseBridge\\inject.ts": {"lines":{"total":3,"covered":3,"skipped":0,"pct":100},"functions":{"total":1,"covered":1,"skipped":0,"pct":100},"statements":{"total":3,"covered":3,"skipped":0,"pct":100},"branches":{"total":0,"covered":0,"skipped":0,"pct":100}}
,"F:\\workspaces\\station1\\stations\\station10\\ComfyUI-Launcher\\src\\main\\auth\\firebaseBridge\\intercept.ts": {"lines":{"total":16,"covered":16,"skipped":0,"pct":100},"functions":{"total":2,"covered":2,"skipped":0,"pct":100},"statements":{"total":17,"covered":17,"skipped":0,"pct":100},"branches":{"total":8,"covered":8,"skipped":0,"pct":100}}
,"F:\\workspaces\\station1\\stations\\station10\\ComfyUI-Launcher\\src\\main\\auth\\firebaseBridge\\oauth.ts": {"lines":{"total":24,"covered":7,"skipped":0,"pct":29.16},"functions":{"total":6,"covered":1,"skipped":0,"pct":16.66},"statements":{"total":26,"covered":7,"skipped":0,"pct":26.92},"branches":{"total":49,"covered":5,"skipped":0,"pct":10.2}}
,"F:\\workspaces\\station1\\stations\\station10\\ComfyUI-Launcher\\src\\main\\auth\\firebaseBridge\\server.ts": {"lines":{"total":131,"covered":74,"skipped":0,"pct":56.48},"functions":{"total":16,"covered":8,"skipped":0,"pct":50},"statements":{"total":131,"covered":74,"skipped":0,"pct":56.48},"branches":{"total":65,"covered":29,"skipped":0,"pct":44.61}}
,"F:\\workspaces\\station1\\stations\\station10\\ComfyUI-Launcher\\src\\main\\host\\createHostWindow.ts": {"lines":{"total":355,"covered":41,"skipped":0,"pct":11.54},"functions":{"total":73,"covered":7,"skipped":0,"pct":9.58},"statements":{"total":408,"covered":41,"skipped":0,"pct":10.04},"branches":{"total":207,"covered":22,"skipped":0,"pct":10.62}}
,"F:\\workspaces\\station1\\stations\\station10\\ComfyUI-Launcher\\src\\main\\host\\detach.ts": {"lines":{"total":130,"covered":11,"skipped":0,"pct":8.46},"functions":{"total":28,"covered":2,"skipped":0,"pct":7.14},"statements":{"total":165,"covered":15,"skipped":0,"pct":9.09},"branches":{"total":105,"covered":9,"skipped":0,"pct":8.57}}
,"F:\\workspaces\\station1\\stations\\station10\\ComfyUI-Launcher\\src\\main\\host\\panelView.ts": {"lines":{"total":93,"covered":8,"skipped":0,"pct":8.6},"functions":{"total":15,"covered":2,"skipped":0,"pct":13.33},"statements":{"total":110,"covered":12,"skipped":0,"pct":10.9},"branches":{"total":91,"covered":11,"skipped":0,"pct":12.08}}
,"F:\\workspaces\\station1\\stations\\station10\\ComfyUI-Launcher\\src\\main\\host\\registry.ts": {"lines":{"total":114,"covered":81,"skipped":0,"pct":71.05},"functions":{"total":35,"covered":27,"skipped":0,"pct":77.14},"statements":{"total":135,"covered":97,"skipped":0,"pct":71.85},"branches":{"total":94,"covered":68,"skipped":0,"pct":72.34}}
,"F:\\workspaces\\station1\\stations\\station10\\ComfyUI-Launcher\\src\\main\\lib\\actions.ts": {"lines":{"total":6,"covered":5,"skipped":0,"pct":83.33},"functions":{"total":6,"covered":5,"skipped":0,"pct":83.33},"statements":{"total":6,"covered":5,"skipped":0,"pct":83.33},"branches":{"total":4,"covered":2,"skipped":0,"pct":50}}
,"F:\\workspaces\\station1\\stations\\station10\\ComfyUI-Launcher\\src\\main\\lib\\allowedPopups.ts": {"lines":{"total":14,"covered":14,"skipped":0,"pct":100},"functions":{"total":6,"covered":6,"skipped":0,"pct":100},"statements":{"total":17,"covered":17,"skipped":0,"pct":100},"branches":{"total":4,"covered":4,"skipped":0,"pct":100}}
,"F:\\workspaces\\station1\\stations\\station10\\ComfyUI-Launcher\\src\\main\\lib\\appLog.ts": {"lines":{"total":95,"covered":87,"skipped":0,"pct":91.57},"functions":{"total":16,"covered":16,"skipped":0,"pct":100},"statements":{"total":108,"covered":92,"skipped":0,"pct":85.18},"branches":{"total":50,"covered":33,"skipped":0,"pct":66}}
,"F:\\workspaces\\station1\\stations\\station10\\ComfyUI-Launcher\\src\\main\\lib\\bootPhaseBuffer.ts": {"lines":{"total":18,"covered":18,"skipped":0,"pct":100},"functions":{"total":6,"covered":6,"skipped":0,"pct":100},"statements":{"total":21,"covered":21,"skipped":0,"pct":100},"branches":{"total":8,"covered":8,"skipped":0,"pct":100}}
,"F:\\workspaces\\station1\\stations\\station10\\ComfyUI-Launcher\\src\\main\\lib\\bundledScript.ts": {"lines":{"total":1,"covered":1,"skipped":0,"pct":100},"functions":{"total":1,"covered":1,"skipped":0,"pct":100},"statements":{"total":1,"covered":1,"skipped":0,"pct":100},"branches":{"total":2,"covered":1,"skipped":0,"pct":50}}
,"F:\\workspaces\\station1\\stations\\station10\\ComfyUI-Launcher\\src\\main\\lib\\cache.ts": {"lines":{"total":37,"covered":0,"skipped":0,"pct":0},"functions":{"total":10,"covered":0,"skipped":0,"pct":0},"statements":{"total":41,"covered":0,"skipped":0,"pct":0},"branches":{"total":11,"covered":0,"skipped":0,"pct":0}}
,"F:\\workspaces\\station1\\stations\\station10\\ComfyUI-Launcher\\src\\main\\lib\\canvasEntry.ts": {"lines":{"total":10,"covered":10,"skipped":0,"pct":100},"functions":{"total":3,"covered":3,"skipped":0,"pct":100},"statements":{"total":11,"covered":11,"skipped":0,"pct":100},"branches":{"total":7,"covered":7,"skipped":0,"pct":100}}
,"F:\\workspaces\\station1\\stations\\station10\\ComfyUI-Launcher\\src\\main\\lib\\channel-cards.ts": {"lines":{"total":10,"covered":10,"skipped":0,"pct":100},"functions":{"total":3,"covered":3,"skipped":0,"pct":100},"statements":{"total":11,"covered":11,"skipped":0,"pct":100},"branches":{"total":30,"covered":21,"skipped":0,"pct":70}}
,"F:\\workspaces\\station1\\stations\\station10\\ComfyUI-Launcher\\src\\main\\lib\\cloudCapacity.ts": {"lines":{"total":19,"covered":5,"skipped":0,"pct":26.31},"functions":{"total":6,"covered":0,"skipped":0,"pct":0},"statements":{"total":20,"covered":5,"skipped":0,"pct":25},"branches":{"total":10,"covered":0,"skipped":0,"pct":0}}
,"F:\\workspaces\\station1\\stations\\station10\\ComfyUI-Launcher\\src\\main\\lib\\cloudUrl.ts": {"lines":{"total":22,"covered":22,"skipped":0,"pct":100},"functions":{"total":3,"covered":3,"skipped":0,"pct":100},"statements":{"total":22,"covered":22,"skipped":0,"pct":100},"branches":{"total":9,"covered":9,"skipped":0,"pct":100}}
,"F:\\workspaces\\station1\\stations\\station10\\ComfyUI-Launcher\\src\\main\\lib\\cnr.ts": {"lines":{"total":101,"covered":4,"skipped":0,"pct":3.96},"functions":{"total":6,"covered":1,"skipped":0,"pct":16.66},"statements":{"total":108,"covered":6,"skipped":0,"pct":5.55},"branches":{"total":34,"covered":8,"skipped":0,"pct":23.52}}
,"F:\\workspaces\\station1\\stations\\station10\\ComfyUI-Launcher\\src\\main\\lib\\comfy-args.ts": {"lines":{"total":128,"covered":106,"skipped":0,"pct":82.81},"functions":{"total":15,"covered":10,"skipped":0,"pct":66.66},"statements":{"total":142,"covered":119,"skipped":0,"pct":83.8},"branches":{"total":106,"covered":73,"skipped":0,"pct":68.86}}
,"F:\\workspaces\\station1\\stations\\station10\\ComfyUI-Launcher\\src\\main\\lib\\comfy-feature-flags.ts": {"lines":{"total":36,"covered":30,"skipped":0,"pct":83.33},"functions":{"total":8,"covered":8,"skipped":0,"pct":100},"statements":{"total":38,"covered":32,"skipped":0,"pct":84.21},"branches":{"total":29,"covered":21,"skipped":0,"pct":72.41}}
,"F:\\workspaces\\station1\\stations\\station10\\ComfyUI-Launcher\\src\\main\\lib\\comfyContentScript.ts": {"lines":{"total":1,"covered":1,"skipped":0,"pct":100},"functions":{"total":1,"covered":1,"skipped":0,"pct":100},"statements":{"total":1,"covered":1,"skipped":0,"pct":100},"branches":{"total":0,"covered":0,"skipped":0,"pct":100}}
,"F:\\workspaces\\station1\\stations\\station10\\ComfyUI-Launcher\\src\\main\\lib\\comfyDownloadManager.ts": {"lines":{"total":495,"covered":149,"skipped":0,"pct":30.1},"functions":{"total":63,"covered":25,"skipped":0,"pct":39.68},"statements":{"total":560,"covered":166,"skipped":0,"pct":29.64},"branches":{"total":308,"covered":60,"skipped":0,"pct":19.48}}
,"F:\\workspaces\\station1\\stations\\station10\\ComfyUI-Launcher\\src\\main\\lib\\comfyTerminalContentScript.ts": {"lines":{"total":13,"covered":13,"skipped":0,"pct":100},"functions":{"total":3,"covered":3,"skipped":0,"pct":100},"statements":{"total":14,"covered":14,"skipped":0,"pct":100},"branches":{"total":2,"covered":2,"skipped":0,"pct":100}}
,"F:\\workspaces\\station1\\stations\\station10\\ComfyUI-Launcher\\src\\main\\lib\\comfyui-releases.ts": {"lines":{"total":60,"covered":58,"skipped":0,"pct":96.66},"functions":{"total":8,"covered":8,"skipped":0,"pct":100},"statements":{"total":68,"covered":65,"skipped":0,"pct":95.58},"branches":{"total":34,"covered":31,"skipped":0,"pct":91.17}}
,"F:\\workspaces\\station1\\stations\\station10\\ComfyUI-Launcher\\src\\main\\lib\\contextMenu.ts": {"lines":{"total":32,"covered":20,"skipped":0,"pct":62.5},"functions":{"total":12,"covered":3,"skipped":0,"pct":25},"statements":{"total":34,"covered":21,"skipped":0,"pct":61.76},"branches":{"total":23,"covered":20,"skipped":0,"pct":86.95}}
,"F:\\workspaces\\station1\\stations\\station10\\ComfyUI-Launcher\\src\\main\\lib\\copy.ts": {"lines":{"total":58,"covered":40,"skipped":0,"pct":68.96},"functions":{"total":5,"covered":5,"skipped":0,"pct":100},"statements":{"total":61,"covered":40,"skipped":0,"pct":65.57},"branches":{"total":23,"covered":6,"skipped":0,"pct":26.08}}
,"F:\\workspaces\\station1\\stations\\station10\\ComfyUI-Launcher\\src\\main\\lib\\crashBuffer.ts": {"lines":{"total":12,"covered":11,"skipped":0,"pct":91.66},"functions":{"total":5,"covered":4,"skipped":0,"pct":80},"statements":{"total":12,"covered":11,"skipped":0,"pct":91.66},"branches":{"total":8,"covered":7,"skipped":0,"pct":87.5}}
,"F:\\workspaces\\station1\\stations\\station10\\ComfyUI-Launcher\\src\\main\\lib\\crashDumps.ts": {"lines":{"total":26,"covered":25,"skipped":0,"pct":96.15},"functions":{"total":4,"covered":3,"skipped":0,"pct":75},"statements":{"total":29,"covered":27,"skipped":0,"pct":93.1},"branches":{"total":14,"covered":11,"skipped":0,"pct":78.57}}
,"F:\\workspaces\\station1\\stations\\station10\\ComfyUI-Launcher\\src\\main\\lib\\delete.ts": {"lines":{"total":101,"covered":2,"skipped":0,"pct":1.98},"functions":{"total":27,"covered":0,"skipped":0,"pct":0},"statements":{"total":127,"covered":2,"skipped":0,"pct":1.57},"branches":{"total":87,"covered":0,"skipped":0,"pct":0}}
,"F:\\workspaces\\station1\\stations\\station10\\ComfyUI-Launcher\\src\\main\\lib\\desktopAdopt.ts": {"lines":{"total":410,"covered":341,"skipped":0,"pct":83.17},"functions":{"total":51,"covered":43,"skipped":0,"pct":84.31},"statements":{"total":450,"covered":373,"skipped":0,"pct":82.88},"branches":{"total":289,"covered":214,"skipped":0,"pct":74.04}}
,"F:\\workspaces\\station1\\stations\\station10\\ComfyUI-Launcher\\src\\main\\lib\\desktopDetect.ts": {"lines":{"total":81,"covered":49,"skipped":0,"pct":60.49},"functions":{"total":9,"covered":6,"skipped":0,"pct":66.66},"statements":{"total":93,"covered":55,"skipped":0,"pct":59.13},"branches":{"total":60,"covered":30,"skipped":0,"pct":50}}
,"F:\\workspaces\\station1\\stations\\station10\\ComfyUI-Launcher\\src\\main\\lib\\devShortcuts.ts": {"lines":{"total":25,"covered":8,"skipped":0,"pct":32},"functions":{"total":7,"covered":1,"skipped":0,"pct":14.28},"statements":{"total":28,"covered":8,"skipped":0,"pct":28.57},"branches":{"total":14,"covered":4,"skipped":0,"pct":28.57}}
,"F:\\workspaces\\station1\\stations\\station10\\ComfyUI-Launcher\\src\\main\\lib\\deviceId.ts": {"lines":{"total":85,"covered":71,"skipped":0,"pct":83.52},"functions":{"total":21,"covered":17,"skipped":0,"pct":80.95},"statements":{"total":92,"covered":75,"skipped":0,"pct":81.52},"branches":{"total":42,"covered":32,"skipped":0,"pct":76.19}}
,"F:\\workspaces\\station1\\stations\\station10\\ComfyUI-Launcher\\src\\main\\lib\\disk.ts": {"lines":{"total":96,"covered":0,"skipped":0,"pct":0},"functions":{"total":11,"covered":0,"skipped":0,"pct":0},"statements":{"total":106,"covered":0,"skipped":0,"pct":0},"branches":{"total":50,"covered":0,"skipped":0,"pct":0}}
,"F:\\workspaces\\station1\\stations\\station10\\ComfyUI-Launcher\\src\\main\\lib\\download.ts": {"lines":{"total":172,"covered":106,"skipped":0,"pct":61.62},"functions":{"total":25,"covered":19,"skipped":0,"pct":76},"statements":{"total":204,"covered":121,"skipped":0,"pct":59.31},"branches":{"total":131,"covered":66,"skipped":0,"pct":50.38}}
,"F:\\workspaces\\station1\\stations\\station10\\ComfyUI-Launcher\\src\\main\\lib\\downloadAttribution.ts": {"lines":{"total":23,"covered":22,"skipped":0,"pct":95.65},"functions":{"total":7,"covered":7,"skipped":0,"pct":100},"statements":{"total":24,"covered":23,"skipped":0,"pct":95.83},"branches":{"total":8,"covered":8,"skipped":0,"pct":100}}
,"F:\\workspaces\\station1\\stations\\station10\\ComfyUI-Launcher\\src\\main\\lib\\e2eOverrides.ts": {"lines":{"total":17,"covered":4,"skipped":0,"pct":23.52},"functions":{"total":7,"covered":0,"skipped":0,"pct":0},"statements":{"total":20,"covered":4,"skipped":0,"pct":20},"branches":{"total":12,"covered":0,"skipped":0,"pct":0}}
,"F:\\workspaces\\station1\\stations\\station10\\ComfyUI-Launcher\\src\\main\\lib\\executionTap.ts": {"lines":{"total":112,"covered":103,"skipped":0,"pct":91.96},"functions":{"total":14,"covered":14,"skipped":0,"pct":100},"statements":{"total":120,"covered":110,"skipped":0,"pct":91.66},"branches":{"total":60,"covered":49,"skipped":0,"pct":81.66}}
,"F:\\workspaces\\station1\\stations\\station10\\ComfyUI-Launcher\\src\\main\\lib\\exitCodeInfo.ts": {"lines":{"total":10,"covered":10,"skipped":0,"pct":100},"functions":{"total":3,"covered":3,"skipped":0,"pct":100},"statements":{"total":14,"covered":13,"skipped":0,"pct":92.85},"branches":{"total":18,"covered":15,"skipped":0,"pct":83.33}}
,"F:\\workspaces\\station1\\stations\\station10\\ComfyUI-Launcher\\src\\main\\lib\\experiments.ts": {"lines":{"total":40,"covered":40,"skipped":0,"pct":100},"functions":{"total":12,"covered":11,"skipped":0,"pct":91.66},"statements":{"total":47,"covered":45,"skipped":0,"pct":95.74},"branches":{"total":25,"covered":21,"skipped":0,"pct":84}}
,"F:\\workspaces\\station1\\stations\\station10\\ComfyUI-Launcher\\src\\main\\lib\\extract.ts": {"lines":{"total":86,"covered":1,"skipped":0,"pct":1.16},"functions":{"total":22,"covered":0,"skipped":0,"pct":0},"statements":{"total":110,"covered":1,"skipped":0,"pct":0.9},"branches":{"total":61,"covered":0,"skipped":0,"pct":0}}
,"F:\\workspaces\\station1\\stations\\station10\\ComfyUI-Launcher\\src\\main\\lib\\fetch.ts": {"lines":{"total":81,"covered":65,"skipped":0,"pct":80.24},"functions":{"total":12,"covered":12,"skipped":0,"pct":100},"statements":{"total":86,"covered":69,"skipped":0,"pct":80.23},"branches":{"total":58,"covered":30,"skipped":0,"pct":51.72}}
,"F:\\workspaces\\station1\\stations\\station10\\ComfyUI-Launcher\\src\\main\\lib\\file-lock-info.ts": {"lines":{"total":32,"covered":9,"skipped":0,"pct":28.12},"functions":{"total":7,"covered":4,"skipped":0,"pct":57.14},"statements":{"total":35,"covered":10,"skipped":0,"pct":28.57},"branches":{"total":24,"covered":4,"skipped":0,"pct":16.66}}
,"F:\\workspaces\\station1\\stations\\station10\\ComfyUI-Launcher\\src\\main\\lib\\firstUseDetection.ts": {"lines":{"total":10,"covered":0,"skipped":0,"pct":0},"functions":{"total":1,"covered":0,"skipped":0,"pct":0},"statements":{"total":11,"covered":0,"skipped":0,"pct":0},"branches":{"total":4,"covered":0,"skipped":0,"pct":0}}
,"F:\\workspaces\\station1\\stations\\station10\\ComfyUI-Launcher\\src\\main\\lib\\git.ts": {"lines":{"total":444,"covered":267,"skipped":0,"pct":60.13},"functions":{"total":126,"covered":92,"skipped":0,"pct":73.01},"statements":{"total":511,"covered":292,"skipped":0,"pct":57.14},"branches":{"total":320,"covered":164,"skipped":0,"pct":51.25}}
,"F:\\workspaces\\station1\\stations\\station10\\ComfyUI-Launcher\\src\\main\\lib\\github-mirror.ts": {"lines":{"total":25,"covered":10,"skipped":0,"pct":40},"functions":{"total":4,"covered":2,"skipped":0,"pct":50},"statements":{"total":32,"covered":13,"skipped":0,"pct":40.62},"branches":{"total":16,"covered":6,"skipped":0,"pct":37.5}}
,"F:\\workspaces\\station1\\stations\\station10\\ComfyUI-Launcher\\src\\main\\lib\\githubStars.ts": {"lines":{"total":21,"covered":3,"skipped":0,"pct":14.28},"functions":{"total":3,"covered":0,"skipped":0,"pct":0},"statements":{"total":25,"covered":3,"skipped":0,"pct":12},"branches":{"total":12,"covered":0,"skipped":0,"pct":0}}
,"F:\\workspaces\\station1\\stations\\station10\\ComfyUI-Launcher\\src\\main\\lib\\globalSettingsEvents.ts": {"lines":{"total":2,"covered":2,"skipped":0,"pct":100},"functions":{"total":0,"covered":0,"skipped":0,"pct":100},"statements":{"total":2,"covered":2,"skipped":0,"pct":100},"branches":{"total":0,"covered":0,"skipped":0,"pct":100}}
,"F:\\workspaces\\station1\\stations\\station10\\ComfyUI-Launcher\\src\\main\\lib\\gpu.ts": {"lines":{"total":184,"covered":64,"skipped":0,"pct":34.78},"functions":{"total":48,"covered":12,"skipped":0,"pct":25},"statements":{"total":240,"covered":74,"skipped":0,"pct":30.83},"branches":{"total":170,"covered":57,"skipped":0,"pct":33.52}}
,"F:\\workspaces\\station1\\stations\\station10\\ComfyUI-Launcher\\src\\main\\lib\\hardwareTap.ts": {"lines":{"total":147,"covered":147,"skipped":0,"pct":100},"functions":{"total":21,"covered":21,"skipped":0,"pct":100},"statements":{"total":165,"covered":162,"skipped":0,"pct":98.18},"branches":{"total":110,"covered":103,"skipped":0,"pct":93.63}}
,"F:\\workspaces\\station1\\stations\\station10\\ComfyUI-Launcher\\src\\main\\lib\\i18n.ts": {"lines":{"total":43,"covered":18,"skipped":0,"pct":41.86},"functions":{"total":10,"covered":3,"skipped":0,"pct":30},"statements":{"total":46,"covered":19,"skipped":0,"pct":41.3},"branches":{"total":33,"covered":11,"skipped":0,"pct":33.33}}
,"F:\\workspaces\\station1\\stations\\station10\\ComfyUI-Launcher\\src\\main\\lib\\installer.ts": {"lines":{"total":111,"covered":89,"skipped":0,"pct":80.18},"functions":{"total":26,"covered":19,"skipped":0,"pct":73.07},"statements":{"total":125,"covered":100,"skipped":0,"pct":80},"branches":{"total":58,"covered":27,"skipped":0,"pct":46.55}}
,"F:\\workspaces\\station1\\stations\\station10\\ComfyUI-Launcher\\src\\main\\lib\\lastSession.ts": {"lines":{"total":53,"covered":52,"skipped":0,"pct":98.11},"functions":{"total":13,"covered":12,"skipped":0,"pct":92.3},"statements":{"total":67,"covered":60,"skipped":0,"pct":89.55},"branches":{"total":42,"covered":34,"skipped":0,"pct":80.95}}
,"F:\\workspaces\\station1\\stations\\station10\\ComfyUI-Launcher\\src\\main\\lib\\launchPhases.ts": {"lines":{"total":9,"covered":8,"skipped":0,"pct":88.88},"functions":{"total":3,"covered":3,"skipped":0,"pct":100},"statements":{"total":11,"covered":10,"skipped":0,"pct":90.9},"branches":{"total":5,"covered":4,"skipped":0,"pct":80}}
,"F:\\workspaces\\station1\\stations\\station10\\ComfyUI-Launcher\\src\\main\\lib\\launchProgress.ts": {"lines":{"total":62,"covered":60,"skipped":0,"pct":96.77},"functions":{"total":11,"covered":11,"skipped":0,"pct":100},"statements":{"total":77,"covered":74,"skipped":0,"pct":96.1},"branches":{"total":60,"covered":54,"skipped":0,"pct":90}}
,"F:\\workspaces\\station1\\stations\\station10\\ComfyUI-Launcher\\src\\main\\lib\\localMigration.ts": {"lines":{"total":59,"covered":0,"skipped":0,"pct":0},"functions":{"total":6,"covered":0,"skipped":0,"pct":0},"statements":{"total":66,"covered":0,"skipped":0,"pct":0},"branches":{"total":33,"covered":0,"skipped":0,"pct":0}}
,"F:\\workspaces\\station1\\stations\\station10\\ComfyUI-Launcher\\src\\main\\lib\\logRotation.ts": {"lines":{"total":18,"covered":18,"skipped":0,"pct":100},"functions":{"total":2,"covered":2,"skipped":0,"pct":100},"statements":{"total":21,"covered":21,"skipped":0,"pct":100},"branches":{"total":9,"covered":9,"skipped":0,"pct":100}}
,"F:\\workspaces\\station1\\stations\\station10\\ComfyUI-Launcher\\src\\main\\lib\\logged-process.ts": {"lines":{"total":29,"covered":4,"skipped":0,"pct":13.79},"functions":{"total":9,"covered":2,"skipped":0,"pct":22.22},"statements":{"total":30,"covered":4,"skipped":0,"pct":13.33},"branches":{"total":24,"covered":4,"skipped":0,"pct":16.66}}
,"F:\\workspaces\\station1\\stations\\station10\\ComfyUI-Launcher\\src\\main\\lib\\logsBroadcast.ts": {"lines":{"total":33,"covered":2,"skipped":0,"pct":6.06},"functions":{"total":7,"covered":0,"skipped":0,"pct":0},"statements":{"total":36,"covered":2,"skipped":0,"pct":5.55},"branches":{"total":12,"covered":0,"skipped":0,"pct":0}}
,"F:\\workspaces\\station1\\stations\\station10\\ComfyUI-Launcher\\src\\main\\lib\\logsPopoutWindow.ts": {"lines":{"total":26,"covered":2,"skipped":0,"pct":7.69},"functions":{"total":7,"covered":0,"skipped":0,"pct":0},"statements":{"total":30,"covered":2,"skipped":0,"pct":6.66},"branches":{"total":14,"covered":0,"skipped":0,"pct":0}}
,"F:\\workspaces\\station1\\stations\\station10\\ComfyUI-Launcher\\src\\main\\lib\\managerConfig.ts": {"lines":{"total":40,"covered":38,"skipped":0,"pct":95},"functions":{"total":7,"covered":7,"skipped":0,"pct":100},"statements":{"total":45,"covered":42,"skipped":0,"pct":93.33},"branches":{"total":31,"covered":26,"skipped":0,"pct":83.87}}
,"F:\\workspaces\\station1\\stations\\station10\\ComfyUI-Launcher\\src\\main\\lib\\migrate.ts": {"lines":{"total":67,"covered":24,"skipped":0,"pct":35.82},"functions":{"total":7,"covered":3,"skipped":0,"pct":42.85},"statements":{"total":71,"covered":25,"skipped":0,"pct":35.21},"branches":{"total":42,"covered":5,"skipped":0,"pct":11.9}}
,"F:\\workspaces\\station1\\stations\\station10\\ComfyUI-Launcher\\src\\main\\lib\\modelAccessPage.ts": {"lines":{"total":76,"covered":76,"skipped":0,"pct":100},"functions":{"total":19,"covered":19,"skipped":0,"pct":100},"statements":{"total":91,"covered":88,"skipped":0,"pct":96.7},"branches":{"total":58,"covered":49,"skipped":0,"pct":84.48}}
,"F:\\workspaces\\station1\\stations\\station10\\ComfyUI-Launcher\\src\\main\\lib\\models.ts": {"lines":{"total":169,"covered":148,"skipped":0,"pct":87.57},"functions":{"total":37,"covered":31,"skipped":0,"pct":83.78},"statements":{"total":187,"covered":160,"skipped":0,"pct":85.56},"branches":{"total":106,"covered":76,"skipped":0,"pct":71.69}}
,"F:\\workspaces\\station1\\stations\\station10\\ComfyUI-Launcher\\src\\main\\lib\\nodes.ts": {"lines":{"total":38,"covered":1,"skipped":0,"pct":2.63},"functions":{"total":4,"covered":1,"skipped":0,"pct":25},"statements":{"total":40,"covered":1,"skipped":0,"pct":2.5},"branches":{"total":28,"covered":0,"skipped":0,"pct":0}}
,"F:\\workspaces\\station1\\stations\\station10\\ComfyUI-Launcher\\src\\main\\lib\\oem.ts": {"lines":{"total":76,"covered":74,"skipped":0,"pct":97.36},"functions":{"total":18,"covered":18,"skipped":0,"pct":100},"statements":{"total":95,"covered":84,"skipped":0,"pct":88.42},"branches":{"total":60,"covered":45,"skipped":0,"pct":75}}
,"F:\\workspaces\\station1\\stations\\station10\\ComfyUI-Launcher\\src\\main\\lib\\opMarker.ts": {"lines":{"total":48,"covered":45,"skipped":0,"pct":93.75},"functions":{"total":9,"covered":7,"skipped":0,"pct":77.77},"statements":{"total":50,"covered":47,"skipped":0,"pct":94},"branches":{"total":30,"covered":27,"skipped":0,"pct":90}}
,"F:\\workspaces\\station1\\stations\\station10\\ComfyUI-Launcher\\src\\main\\lib\\paths.ts": {"lines":{"total":99,"covered":63,"skipped":0,"pct":63.63},"functions":{"total":20,"covered":15,"skipped":0,"pct":75},"statements":{"total":112,"covered":71,"skipped":0,"pct":63.39},"branches":{"total":76,"covered":45,"skipped":0,"pct":59.21}}
,"F:\\workspaces\\station1\\stations\\station10\\ComfyUI-Launcher\\src\\main\\lib\\pip.ts": {"lines":{"total":84,"covered":29,"skipped":0,"pct":34.52},"functions":{"total":18,"covered":2,"skipped":0,"pct":11.11},"statements":{"total":94,"covered":29,"skipped":0,"pct":30.85},"branches":{"total":40,"covered":16,"skipped":0,"pct":40}}
,"F:\\workspaces\\station1\\stations\\station10\\ComfyUI-Launcher\\src\\main\\lib\\popoutWindows.ts": {"lines":{"total":6,"covered":6,"skipped":0,"pct":100},"functions":{"total":3,"covered":3,"skipped":0,"pct":100},"statements":{"total":6,"covered":6,"skipped":0,"pct":100},"branches":{"total":0,"covered":0,"skipped":0,"pct":100}}
,"F:\\workspaces\\station1\\stations\\station10\\ComfyUI-Launcher\\src\\main\\lib\\process.ts": {"lines":{"total":161,"covered":34,"skipped":0,"pct":21.11},"functions":{"total":55,"covered":14,"skipped":0,"pct":25.45},"statements":{"total":205,"covered":42,"skipped":0,"pct":20.48},"branches":{"total":106,"covered":15,"skipped":0,"pct":14.15}}
,"F:\\workspaces\\station1\\stations\\station10\\ComfyUI-Launcher\\src\\main\\lib\\processErrorHandlers.ts": {"lines":{"total":36,"covered":1,"skipped":0,"pct":2.77},"functions":{"total":7,"covered":0,"skipped":0,"pct":0},"statements":{"total":39,"covered":1,"skipped":0,"pct":2.56},"branches":{"total":31,"covered":0,"skipped":0,"pct":0}}
,"F:\\workspaces\\station1\\stations\\station10\\ComfyUI-Launcher\\src\\main\\lib\\pythonEnv.ts": {"lines":{"total":26,"covered":17,"skipped":0,"pct":65.38},"functions":{"total":7,"covered":6,"skipped":0,"pct":85.71},"statements":{"total":31,"covered":19,"skipped":0,"pct":61.29},"branches":{"total":26,"covered":12,"skipped":0,"pct":46.15}}
,"F:\\workspaces\\station1\\stations\\station10\\ComfyUI-Launcher\\src\\main\\lib\\quit-state.ts": {"lines":{"total":9,"covered":2,"skipped":0,"pct":22.22},"functions":{"total":7,"covered":0,"skipped":0,"pct":0},"statements":{"total":9,"covered":2,"skipped":0,"pct":22.22},"branches":{"total":0,"covered":0,"skipped":0,"pct":100}}
,"F:\\workspaces\\station1\\stations\\station10\\ComfyUI-Launcher\\src\\main\\lib\\r2Mirror.ts": {"lines":{"total":5,"covered":5,"skipped":0,"pct":100},"functions":{"total":1,"covered":1,"skipped":0,"pct":100},"statements":{"total":7,"covered":6,"skipped":0,"pct":85.71},"branches":{"total":4,"covered":3,"skipped":0,"pct":75}}
,"F:\\workspaces\\station1\\stations\\station10\\ComfyUI-Launcher\\src\\main\\lib\\relaunchPage.ts": {"lines":{"total":12,"covered":12,"skipped":0,"pct":100},"functions":{"total":3,"covered":3,"skipped":0,"pct":100},"statements":{"total":13,"covered":13,"skipped":0,"pct":100},"branches":{"total":11,"covered":9,"skipped":0,"pct":81.81}}
,"F:\\workspaces\\station1\\stations\\station10\\ComfyUI-Launcher\\src\\main\\lib\\release-cache-startup.ts": {"lines":{"total":36,"covered":4,"skipped":0,"pct":11.11},"functions":{"total":10,"covered":0,"skipped":0,"pct":0},"statements":{"total":44,"covered":4,"skipped":0,"pct":9.09},"branches":{"total":26,"covered":0,"skipped":0,"pct":0}}
,"F:\\workspaces\\station1\\stations\\station10\\ComfyUI-Launcher\\src\\main\\lib\\release-cache.ts": {"lines":{"total":140,"covered":90,"skipped":0,"pct":64.28},"functions":{"total":22,"covered":13,"skipped":0,"pct":59.09},"statements":{"total":162,"covered":102,"skipped":0,"pct":62.96},"branches":{"total":139,"covered":88,"skipped":0,"pct":63.3}}
,"F:\\workspaces\\station1\\stations\\station10\\ComfyUI-Launcher\\src\\main\\lib\\safe-file.ts": {"lines":{"total":48,"covered":35,"skipped":0,"pct":72.91},"functions":{"total":5,"covered":4,"skipped":0,"pct":80},"statements":{"total":58,"covered":40,"skipped":0,"pct":68.96},"branches":{"total":19,"covered":9,"skipped":0,"pct":47.36}}
,"F:\\workspaces\\station1\\stations\\station10\\ComfyUI-Launcher\\src\\main\\lib\\standaloneMigration.ts": {"lines":{"total":135,"covered":1,"skipped":0,"pct":0.74},"functions":{"total":26,"covered":0,"skipped":0,"pct":0},"statements":{"total":142,"covered":1,"skipped":0,"pct":0.7},"branches":{"total":95,"covered":0,"skipped":0,"pct":0}}
,"F:\\workspaces\\station1\\stations\\station10\\ComfyUI-Launcher\\src\\main\\lib\\stderrTail.ts": {"lines":{"total":5,"covered":5,"skipped":0,"pct":100},"functions":{"total":3,"covered":3,"skipped":0,"pct":100},"statements":{"total":5,"covered":5,"skipped":0,"pct":100},"branches":{"total":0,"covered":0,"skipped":0,"pct":100}}
,"F:\\workspaces\\station1\\stations\\station10\\ComfyUI-Launcher\\src\\main\\lib\\telemetry.ts": {"lines":{"total":293,"covered":255,"skipped":0,"pct":87.03},"functions":{"total":56,"covered":43,"skipped":0,"pct":76.78},"statements":{"total":346,"covered":281,"skipped":0,"pct":81.21},"branches":{"total":226,"covered":171,"skipped":0,"pct":75.66}}
,"F:\\workspaces\\station1\\stations\\station10\\ComfyUI-Launcher\\src\\main\\lib\\terminal.ts": {"lines":{"total":134,"covered":110,"skipped":0,"pct":82.08},"functions":{"total":34,"covered":28,"skipped":0,"pct":82.35},"statements":{"total":149,"covered":117,"skipped":0,"pct":78.52},"branches":{"total":84,"covered":53,"skipped":0,"pct":63.09}}
,"F:\\workspaces\\station1\\stations\\station10\\ComfyUI-Launcher\\src\\main\\lib\\terminalPopoutWindow.ts": {"lines":{"total":37,"covered":6,"skipped":0,"pct":16.21},"functions":{"total":9,"covered":0,"skipped":0,"pct":0},"statements":{"total":41,"covered":6,"skipped":0,"pct":14.63},"branches":{"total":16,"covered":0,"skipped":0,"pct":0}}
,"F:\\workspaces\\station1\\stations\\station10\\ComfyUI-Launcher\\src\\main\\lib\\theme.ts": {"lines":{"total":21,"covered":8,"skipped":0,"pct":38.09},"functions":{"total":3,"covered":0,"skipped":0,"pct":0},"statements":{"total":24,"covered":8,"skipped":0,"pct":33.33},"branches":{"total":10,"covered":0,"skipped":0,"pct":0}}
,"F:\\workspaces\\station1\\stations\\station10\\ComfyUI-Launcher\\src\\main\\lib\\titleBarOverlay.ts": {"lines":{"total":10,"covered":3,"skipped":0,"pct":30},"functions":{"total":3,"covered":0,"skipped":0,"pct":0},"statements":{"total":13,"covered":3,"skipped":0,"pct":23.07},"branches":{"total":8,"covered":0,"skipped":0,"pct":0}}
,"F:\\workspaces\\station1\\stations\\station10\\ComfyUI-Launcher\\src\\main\\lib\\updater.ts": {"lines":{"total":234,"covered":179,"skipped":0,"pct":76.49},"functions":{"total":47,"covered":36,"skipped":0,"pct":76.59},"statements":{"total":270,"covered":202,"skipped":0,"pct":74.81},"branches":{"total":194,"covered":123,"skipped":0,"pct":63.4}}
,"F:\\workspaces\\station1\\stations\\station10\\ComfyUI-Launcher\\src\\main\\lib\\userTier.ts": {"lines":{"total":45,"covered":28,"skipped":0,"pct":62.22},"functions":{"total":8,"covered":5,"skipped":0,"pct":62.5},"statements":{"total":47,"covered":29,"skipped":0,"pct":61.7},"branches":{"total":29,"covered":16,"skipped":0,"pct":55.17}}
,"F:\\workspaces\\station1\\stations\\station10\\ComfyUI-Launcher\\src\\main\\lib\\util.ts": {"lines":{"total":33,"covered":24,"skipped":0,"pct":72.72},"functions":{"total":4,"covered":3,"skipped":0,"pct":75},"statements":{"total":44,"covered":29,"skipped":0,"pct":65.9},"branches":{"total":41,"covered":19,"skipped":0,"pct":46.34}}
,"F:\\workspaces\\station1\\stations\\station10\\ComfyUI-Launcher\\src\\main\\lib\\vcRuntimeAudit.ts": {"lines":{"total":9,"covered":9,"skipped":0,"pct":100},"functions":{"total":3,"covered":3,"skipped":0,"pct":100},"statements":{"total":11,"covered":11,"skipped":0,"pct":100},"branches":{"total":6,"covered":5,"skipped":0,"pct":83.33}}
,"F:\\workspaces\\station1\\stations\\station10\\ComfyUI-Launcher\\src\\main\\lib\\version-resolve.ts": {"lines":{"total":72,"covered":72,"skipped":0,"pct":100},"functions":{"total":4,"covered":4,"skipped":0,"pct":100},"statements":{"total":81,"covered":78,"skipped":0,"pct":96.29},"branches":{"total":67,"covered":62,"skipped":0,"pct":92.53}}
,"F:\\workspaces\\station1\\stations\\station10\\ComfyUI-Launcher\\src\\main\\lib\\version.ts": {"lines":{"total":13,"covered":13,"skipped":0,"pct":100},"functions":{"total":2,"covered":2,"skipped":0,"pct":100},"statements":{"total":18,"covered":18,"skipped":0,"pct":100},"branches":{"total":18,"covered":18,"skipped":0,"pct":100}}
,"F:\\workspaces\\station1\\stations\\station10\\ComfyUI-Launcher\\src\\main\\lib\\windowState.ts": {"lines":{"total":30,"covered":3,"skipped":0,"pct":10},"functions":{"total":6,"covered":0,"skipped":0,"pct":0},"statements":{"total":34,"covered":3,"skipped":0,"pct":8.82},"branches":{"total":12,"covered":0,"skipped":0,"pct":0}}
,"F:\\workspaces\\station1\\stations\\station10\\ComfyUI-Launcher\\src\\main\\lib\\zoom.ts": {"lines":{"total":1,"covered":1,"skipped":0,"pct":100},"functions":{"total":1,"covered":1,"skipped":0,"pct":100},"statements":{"total":1,"covered":1,"skipped":0,"pct":100},"branches":{"total":0,"covered":0,"skipped":0,"pct":100}}
,"F:\\workspaces\\station1\\stations\\station10\\ComfyUI-Launcher\\src\\main\\lib\\ipc\\broadcast.ts": {"lines":{"total":8,"covered":8,"skipped":0,"pct":100},"functions":{"total":5,"covered":5,"skipped":0,"pct":100},"statements":{"total":11,"covered":11,"skipped":0,"pct":100},"branches":{"total":4,"covered":3,"skipped":0,"pct":75}}
,"F:\\workspaces\\station1\\stations\\station10\\ComfyUI-Launcher\\src\\main\\lib\\ipc\\index.ts": {"lines":{"total":85,"covered":1,"skipped":0,"pct":1.17},"functions":{"total":18,"covered":0,"skipped":0,"pct":0},"statements":{"total":94,"covered":1,"skipped":0,"pct":1.06},"branches":{"total":28,"covered":0,"skipped":0,"pct":0}}
,"F:\\workspaces\\station1\\stations\\station10\\ComfyUI-Launcher\\src\\main\\lib\\ipc\\registerAppHandlers.ts": {"lines":{"total":149,"covered":0,"skipped":0,"pct":0},"functions":{"total":35,"covered":0,"skipped":0,"pct":0},"statements":{"total":180,"covered":0,"skipped":0,"pct":0},"branches":{"total":153,"covered":0,"skipped":0,"pct":0}}
,"F:\\workspaces\\station1\\stations\\station10\\ComfyUI-Launcher\\src\\main\\lib\\ipc\\registerCrashHandlers.ts": {"lines":{"total":4,"covered":0,"skipped":0,"pct":0},"functions":{"total":3,"covered":0,"skipped":0,"pct":0},"statements":{"total":6,"covered":0,"skipped":0,"pct":0},"branches":{"total":2,"covered":0,"skipped":0,"pct":0}}
,"F:\\workspaces\\station1\\stations\\station10\\ComfyUI-Launcher\\src\\main\\lib\\ipc\\registerDownloadHandlers.ts": {"lines":{"total":20,"covered":13,"skipped":0,"pct":65},"functions":{"total":13,"covered":2,"skipped":0,"pct":15.38},"statements":{"total":29,"covered":13,"skipped":0,"pct":44.82},"branches":{"total":8,"covered":0,"skipped":0,"pct":0}}
,"F:\\workspaces\\station1\\stations\\station10\\ComfyUI-Launcher\\src\\main\\lib\\ipc\\registerInstallationHandlers.ts": {"lines":{"total":251,"covered":0,"skipped":0,"pct":0},"functions":{"total":37,"covered":0,"skipped":0,"pct":0},"statements":{"total":268,"covered":0,"skipped":0,"pct":0},"branches":{"total":166,"covered":0,"skipped":0,"pct":0}}
,"F:\\workspaces\\station1\\stations\\station10\\ComfyUI-Launcher\\src\\main\\lib\\ipc\\registerLogsHandlers.ts": {"lines":{"total":18,"covered":1,"skipped":0,"pct":5.55},"functions":{"total":6,"covered":0,"skipped":0,"pct":0},"statements":{"total":23,"covered":1,"skipped":0,"pct":4.34},"branches":{"total":10,"covered":0,"skipped":0,"pct":0}}
,"F:\\workspaces\\station1\\stations\\station10\\ComfyUI-Launcher\\src\\main\\lib\\ipc\\registerSessionHandlers.ts": {"lines":{"total":38,"covered":0,"skipped":0,"pct":0},"functions":{"total":10,"covered":0,"skipped":0,"pct":0},"statements":{"total":44,"covered":0,"skipped":0,"pct":0},"branches":{"total":18,"covered":0,"skipped":0,"pct":0}}
,"F:\\workspaces\\station1\\stations\\station10\\ComfyUI-Launcher\\src\\main\\lib\\ipc\\registerSettingsHandlers.ts": {"lines":{"total":58,"covered":0,"skipped":0,"pct":0},"functions":{"total":20,"covered":0,"skipped":0,"pct":0},"statements":{"total":70,"covered":0,"skipped":0,"pct":0},"branches":{"total":54,"covered":0,"skipped":0,"pct":0}}
,"F:\\workspaces\\station1\\stations\\station10\\ComfyUI-Launcher\\src\\main\\lib\\ipc\\registerSnapshotHandlers.ts": {"lines":{"total":222,"covered":0,"skipped":0,"pct":0},"functions":{"total":28,"covered":0,"skipped":0,"pct":0},"statements":{"total":253,"covered":0,"skipped":0,"pct":0},"branches":{"total":168,"covered":0,"skipped":0,"pct":0}}
,"F:\\workspaces\\station1\\stations\\station10\\ComfyUI-Launcher\\src\\main\\lib\\ipc\\registerTelemetryHandlers.ts": {"lines":{"total":76,"covered":58,"skipped":0,"pct":76.31},"functions":{"total":17,"covered":13,"skipped":0,"pct":76.47},"statements":{"total":93,"covered":64,"skipped":0,"pct":68.81},"branches":{"total":75,"covered":46,"skipped":0,"pct":61.33}}
,"F:\\workspaces\\station1\\stations\\station10\\ComfyUI-Launcher\\src\\main\\lib\\ipc\\registerTerminalHandlers.ts": {"lines":{"total":28,"covered":1,"skipped":0,"pct":3.57},"functions":{"total":9,"covered":0,"skipped":0,"pct":0},"statements":{"total":36,"covered":1,"skipped":0,"pct":2.77},"branches":{"total":18,"covered":0,"skipped":0,"pct":0}}
,"F:\\workspaces\\station1\\stations\\station10\\ComfyUI-Launcher\\src\\main\\lib\\ipc\\sessionStartTelemetry.ts": {"lines":{"total":29,"covered":17,"skipped":0,"pct":58.62},"functions":{"total":9,"covered":2,"skipped":0,"pct":22.22},"statements":{"total":32,"covered":17,"skipped":0,"pct":53.12},"branches":{"total":28,"covered":11,"skipped":0,"pct":39.28}}
,"F:\\workspaces\\station1\\stations\\station10\\ComfyUI-Launcher\\src\\main\\lib\\ipc\\shared.ts": {"lines":{"total":423,"covered":64,"skipped":0,"pct":15.13},"functions":{"total":93,"covered":14,"skipped":0,"pct":15.05},"statements":{"total":490,"covered":73,"skipped":0,"pct":14.89},"branches":{"total":280,"covered":25,"skipped":0,"pct":8.92}}
,"F:\\workspaces\\station1\\stations\\station10\\ComfyUI-Launcher\\src\\main\\lib\\ipc\\sessionActions\\basic.ts": {"lines":{"total":15,"covered":7,"skipped":0,"pct":46.66},"functions":{"total":3,"covered":1,"skipped":0,"pct":33.33},"statements":{"total":17,"covered":8,"skipped":0,"pct":47.05},"branches":{"total":14,"covered":7,"skipped":0,"pct":50}}
,"F:\\workspaces\\station1\\stations\\station10\\ComfyUI-Launcher\\src\\main\\lib\\ipc\\sessionActions\\copy.ts": {"lines":{"total":101,"covered":0,"skipped":0,"pct":0},"functions":{"total":13,"covered":0,"skipped":0,"pct":0},"statements":{"total":112,"covered":0,"skipped":0,"pct":0},"branches":{"total":59,"covered":0,"skipped":0,"pct":0}}
,"F:\\workspaces\\station1\\stations\\station10\\ComfyUI-Launcher\\src\\main\\lib\\ipc\\sessionActions\\delegate.ts": {"lines":{"total":19,"covered":0,"skipped":0,"pct":0},"functions":{"total":5,"covered":0,"skipped":0,"pct":0},"statements":{"total":24,"covered":0,"skipped":0,"pct":0},"branches":{"total":8,"covered":0,"skipped":0,"pct":0}}
,"F:\\workspaces\\station1\\stations\\station10\\ComfyUI-Launcher\\src\\main\\lib\\ipc\\sessionActions\\delete.ts": {"lines":{"total":59,"covered":0,"skipped":0,"pct":0},"functions":{"total":10,"covered":0,"skipped":0,"pct":0},"statements":{"total":64,"covered":0,"skipped":0,"pct":0},"branches":{"total":36,"covered":0,"skipped":0,"pct":0}}
,"F:\\workspaces\\station1\\stations\\station10\\ComfyUI-Launcher\\src\\main\\lib\\ipc\\sessionActions\\index.ts": {"lines":{"total":18,"covered":2,"skipped":0,"pct":11.11},"functions":{"total":3,"covered":0,"skipped":0,"pct":0},"statements":{"total":18,"covered":2,"skipped":0,"pct":11.11},"branches":{"total":12,"covered":0,"skipped":0,"pct":0}}
,"F:\\workspaces\\station1\\stations\\station10\\ComfyUI-Launcher\\src\\main\\lib\\ipc\\sessionActions\\launch.ts": {"lines":{"total":539,"covered":6,"skipped":0,"pct":1.11},"functions":{"total":52,"covered":2,"skipped":0,"pct":3.84},"statements":{"total":590,"covered":6,"skipped":0,"pct":1.01},"branches":{"total":390,"covered":6,"skipped":0,"pct":1.53}}
,"F:\\workspaces\\station1\\stations\\station10\\ComfyUI-Launcher\\src\\main\\lib\\ipc\\sessionActions\\migrate.ts": {"lines":{"total":129,"covered":104,"skipped":0,"pct":80.62},"functions":{"total":29,"covered":19,"skipped":0,"pct":65.51},"statements":{"total":146,"covered":109,"skipped":0,"pct":74.65},"branches":{"total":78,"covered":39,"skipped":0,"pct":50}}
,"F:\\workspaces\\station1\\stations\\station10\\ComfyUI-Launcher\\src\\main\\lib\\ipc\\sessionActions\\withAbortable.ts": {"lines":{"total":9,"covered":0,"skipped":0,"pct":0},"functions":{"total":1,"covered":0,"skipped":0,"pct":0},"statements":{"total":10,"covered":0,"skipped":0,"pct":0},"branches":{"total":4,"covered":0,"skipped":0,"pct":0}}
,"F:\\workspaces\\station1\\stations\\station10\\ComfyUI-Launcher\\src\\main\\lib\\snapshots\\diff.ts": {"lines":{"total":51,"covered":32,"skipped":0,"pct":62.74},"functions":{"total":8,"covered":4,"skipped":0,"pct":50},"statements":{"total":55,"covered":34,"skipped":0,"pct":61.81},"branches":{"total":40,"covered":28,"skipped":0,"pct":70}}
,"F:\\workspaces\\station1\\stations\\station10\\ComfyUI-Launcher\\src\\main\\lib\\snapshots\\exportImport.ts": {"lines":{"total":90,"covered":87,"skipped":0,"pct":96.66},"functions":{"total":16,"covered":15,"skipped":0,"pct":93.75},"statements":{"total":113,"covered":107,"skipped":0,"pct":94.69},"branches":{"total":70,"covered":67,"skipped":0,"pct":95.71}}
,"F:\\workspaces\\station1\\stations\\station10\\ComfyUI-Launcher\\src\\main\\lib\\snapshots\\index.ts": {"lines":{"total":0,"covered":0,"skipped":0,"pct":100},"functions":{"total":0,"covered":0,"skipped":0,"pct":100},"statements":{"total":0,"covered":0,"skipped":0,"pct":100},"branches":{"total":0,"covered":0,"skipped":0,"pct":100}}
,"F:\\workspaces\\station1\\stations\\station10\\ComfyUI-Launcher\\src\\main\\lib\\snapshots\\restore.ts": {"lines":{"total":437,"covered":95,"skipped":0,"pct":21.73},"functions":{"total":45,"covered":10,"skipped":0,"pct":22.22},"statements":{"total":479,"covered":100,"skipped":0,"pct":20.87},"branches":{"total":306,"covered":56,"skipped":0,"pct":18.3}}
,"F:\\workspaces\\station1\\stations\\station10\\ComfyUI-Launcher\\src\\main\\lib\\snapshots\\store.ts": {"lines":{"total":158,"covered":124,"skipped":0,"pct":78.48},"functions":{"total":36,"covered":29,"skipped":0,"pct":80.55},"statements":{"total":186,"covered":132,"skipped":0,"pct":70.96},"branches":{"total":114,"covered":68,"skipped":0,"pct":59.64}}
,"F:\\workspaces\\station1\\stations\\station10\\ComfyUI-Launcher\\src\\main\\lib\\snapshots\\tabData.ts": {"lines":{"total":27,"covered":0,"skipped":0,"pct":0},"functions":{"total":6,"covered":0,"skipped":0,"pct":0},"statements":{"total":30,"covered":0,"skipped":0,"pct":0},"branches":{"total":24,"covered":0,"skipped":0,"pct":0}}
,"F:\\workspaces\\station1\\stations\\station10\\ComfyUI-Launcher\\src\\main\\popups\\checkoutBackdrop.ts": {"lines":{"total":52,"covered":4,"skipped":0,"pct":7.69},"functions":{"total":9,"covered":0,"skipped":0,"pct":0},"statements":{"total":61,"covered":4,"skipped":0,"pct":6.55},"branches":{"total":29,"covered":0,"skipped":0,"pct":0}}
,"F:\\workspaces\\station1\\stations\\station10\\ComfyUI-Launcher\\src\\main\\popups\\embeddedPopupView.ts": {"lines":{"total":75,"covered":69,"skipped":0,"pct":92},"functions":{"total":13,"covered":9,"skipped":0,"pct":69.23},"statements":{"total":84,"covered":76,"skipped":0,"pct":90.47},"branches":{"total":42,"covered":33,"skipped":0,"pct":78.57}}
,"F:\\workspaces\\station1\\stations\\station10\\ComfyUI-Launcher\\src\\main\\popups\\systemModal.ts": {"lines":{"total":94,"covered":2,"skipped":0,"pct":2.12},"functions":{"total":23,"covered":0,"skipped":0,"pct":0},"statements":{"total":113,"covered":2,"skipped":0,"pct":1.76},"branches":{"total":51,"covered":0,"skipped":0,"pct":0}}
,"F:\\workspaces\\station1\\stations\\station10\\ComfyUI-Launcher\\src\\main\\popups\\titleCoachmark.ts": {"lines":{"total":93,"covered":21,"skipped":0,"pct":22.58},"functions":{"total":17,"covered":3,"skipped":0,"pct":17.64},"statements":{"total":109,"covered":22,"skipped":0,"pct":20.18},"branches":{"total":80,"covered":6,"skipped":0,"pct":7.5}}
,"F:\\workspaces\\station1\\stations\\station10\\ComfyUI-Launcher\\src\\main\\popups\\titlePopup.ts": {"lines":{"total":808,"covered":88,"skipped":0,"pct":10.89},"functions":{"total":115,"covered":11,"skipped":0,"pct":9.56},"statements":{"total":936,"covered":90,"skipped":0,"pct":9.61},"branches":{"total":734,"covered":72,"skipped":0,"pct":9.8}}
,"F:\\workspaces\\station1\\stations\\station10\\ComfyUI-Launcher\\src\\main\\popups\\titleTooltip.ts": {"lines":{"total":98,"covered":8,"skipped":0,"pct":8.16},"functions":{"total":15,"covered":0,"skipped":0,"pct":0},"statements":{"total":114,"covered":8,"skipped":0,"pct":7.01},"branches":{"total":74,"covered":0,"skipped":0,"pct":0}}
,"F:\\workspaces\\station1\\stations\\station10\\ComfyUI-Launcher\\src\\main\\sources\\cloud.ts": {"lines":{"total":1,"covered":1,"skipped":0,"pct":100},"functions":{"total":0,"covered":0,"skipped":0,"pct":100},"statements":{"total":1,"covered":1,"skipped":0,"pct":100},"branches":{"total":0,"covered":0,"skipped":0,"pct":100}}
,"F:\\workspaces\\station1\\stations\\station10\\ComfyUI-Launcher\\src\\main\\sources\\desktop.ts": {"lines":{"total":34,"covered":17,"skipped":0,"pct":50},"functions":{"total":12,"covered":3,"skipped":0,"pct":25},"statements":{"total":39,"covered":22,"skipped":0,"pct":56.41},"branches":{"total":36,"covered":21,"skipped":0,"pct":58.33}}
,"F:\\workspaces\\station1\\stations\\station10\\ComfyUI-Launcher\\src\\main\\sources\\git.ts": {"lines":{"total":129,"covered":25,"skipped":0,"pct":19.37},"functions":{"total":24,"covered":4,"skipped":0,"pct":16.66},"statements":{"total":151,"covered":29,"skipped":0,"pct":19.2},"branches":{"total":128,"covered":15,"skipped":0,"pct":11.71}}
,"F:\\workspaces\\station1\\stations\\station10\\ComfyUI-Launcher\\src\\main\\sources\\index.ts": {"lines":{"total":1,"covered":1,"skipped":0,"pct":100},"functions":{"total":0,"covered":0,"skipped":0,"pct":100},"statements":{"total":1,"covered":1,"skipped":0,"pct":100},"branches":{"total":0,"covered":0,"skipped":0,"pct":100}}
,"F:\\workspaces\\station1\\stations\\station10\\ComfyUI-Launcher\\src\\main\\sources\\portable.ts": {"lines":{"total":143,"covered":21,"skipped":0,"pct":14.68},"functions":{"total":26,"covered":5,"skipped":0,"pct":19.23},"statements":{"total":157,"covered":27,"skipped":0,"pct":17.19},"branches":{"total":128,"covered":11,"skipped":0,"pct":8.59}}
,"F:\\workspaces\\station1\\stations\\station10\\ComfyUI-Launcher\\src\\main\\sources\\remote.ts": {"lines":{"total":1,"covered":1,"skipped":0,"pct":100},"functions":{"total":0,"covered":0,"skipped":0,"pct":100},"statements":{"total":1,"covered":1,"skipped":0,"pct":100},"branches":{"total":0,"covered":0,"skipped":0,"pct":100}}
,"F:\\workspaces\\station1\\stations\\station10\\ComfyUI-Launcher\\src\\main\\sources\\common\\launchSettingsFields.ts": {"lines":{"total":24,"covered":24,"skipped":0,"pct":100},"functions":{"total":3,"covered":3,"skipped":0,"pct":100},"statements":{"total":25,"covered":25,"skipped":0,"pct":100},"branches":{"total":34,"covered":31,"skipped":0,"pct":91.17}}
,"F:\\workspaces\\station1\\stations\\station10\\ComfyUI-Launcher\\src\\main\\sources\\common\\nestedRoot.ts": {"lines":{"total":4,"covered":4,"skipped":0,"pct":100},"functions":{"total":1,"covered":1,"skipped":0,"pct":100},"statements":{"total":4,"covered":4,"skipped":0,"pct":100},"branches":{"total":5,"covered":5,"skipped":0,"pct":100}}
,"F:\\workspaces\\station1\\stations\\station10\\ComfyUI-Launcher\\src\\main\\sources\\common\\urlSource.ts": {"lines":{"total":25,"covered":8,"skipped":0,"pct":32},"functions":{"total":12,"covered":2,"skipped":0,"pct":16.66},"statements":{"total":26,"covered":8,"skipped":0,"pct":30.76},"branches":{"total":38,"covered":15,"skipped":0,"pct":39.47}}
,"F:\\workspaces\\station1\\stations\\station10\\ComfyUI-Launcher\\src\\main\\sources\\standalone\\actions.ts": {"lines":{"total":403,"covered":0,"skipped":0,"pct":0},"functions":{"total":20,"covered":0,"skipped":0,"pct":0},"statements":{"total":435,"covered":0,"skipped":0,"pct":0},"branches":{"total":335,"covered":0,"skipped":0,"pct":0}}
,"F:\\workspaces\\station1\\stations\\station10\\ComfyUI-Launcher\\src\\main\\sources\\standalone\\curatedTemplates.ts": {"lines":{"total":19,"covered":19,"skipped":0,"pct":100},"functions":{"total":3,"covered":3,"skipped":0,"pct":100},"statements":{"total":20,"covered":20,"skipped":0,"pct":100},"branches":{"total":7,"covered":7,"skipped":0,"pct":100}}
,"F:\\workspaces\\station1\\stations\\station10\\ComfyUI-Launcher\\src\\main\\sources\\standalone\\envPaths.ts": {"lines":{"total":47,"covered":29,"skipped":0,"pct":61.7},"functions":{"total":8,"covered":6,"skipped":0,"pct":75},"statements":{"total":59,"covered":34,"skipped":0,"pct":57.62},"branches":{"total":40,"covered":10,"skipped":0,"pct":25}}
,"F:\\workspaces\\station1\\stations\\station10\\ComfyUI-Launcher\\src\\main\\sources\\standalone\\index.ts": {"lines":{"total":152,"covered":97,"skipped":0,"pct":63.81},"functions":{"total":28,"covered":18,"skipped":0,"pct":64.28},"statements":{"total":175,"covered":104,"skipped":0,"pct":59.42},"branches":{"total":172,"covered":86,"skipped":0,"pct":50}}
,"F:\\workspaces\\station1\\stations\\station10\\ComfyUI-Launcher\\src\\main\\sources\\standalone\\install.ts": {"lines":{"total":182,"covered":23,"skipped":0,"pct":12.63},"functions":{"total":20,"covered":3,"skipped":0,"pct":15},"statements":{"total":202,"covered":25,"skipped":0,"pct":12.37},"branches":{"total":128,"covered":14,"skipped":0,"pct":10.93}}
,"F:\\workspaces\\station1\\stations\\station10\\ComfyUI-Launcher\\src\\main\\sources\\standalone\\macRepair.ts": {"lines":{"total":53,"covered":2,"skipped":0,"pct":3.77},"functions":{"total":11,"covered":0,"skipped":0,"pct":0},"statements":{"total":64,"covered":2,"skipped":0,"pct":3.12},"branches":{"total":41,"covered":0,"skipped":0,"pct":0}}
,"F:\\workspaces\\station1\\stations\\station10\\ComfyUI-Launcher\\src\\main\\sources\\standalone\\templateCatalog.ts": {"lines":{"total":76,"covered":76,"skipped":0,"pct":100},"functions":{"total":12,"covered":12,"skipped":0,"pct":100},"statements":{"total":89,"covered":83,"skipped":0,"pct":93.25},"branches":{"total":85,"covered":74,"skipped":0,"pct":87.05}}
,"F:\\workspaces\\station1\\stations\\station10\\ComfyUI-Launcher\\src\\main\\sources\\standalone\\templateDownloadCore.ts": {"lines":{"total":68,"covered":68,"skipped":0,"pct":100},"functions":{"total":12,"covered":12,"skipped":0,"pct":100},"statements":{"total":82,"covered":81,"skipped":0,"pct":98.78},"branches":{"total":81,"covered":75,"skipped":0,"pct":92.59}}
,"F:\\workspaces\\station1\\stations\\station10\\ComfyUI-Launcher\\src\\main\\sources\\standalone\\templateDownloadTask.ts": {"lines":{"total":145,"covered":110,"skipped":0,"pct":75.86},"functions":{"total":24,"covered":18,"skipped":0,"pct":75},"statements":{"total":163,"covered":116,"skipped":0,"pct":71.16},"branches":{"total":70,"covered":35,"skipped":0,"pct":50}}
,"F:\\workspaces\\station1\\stations\\station10\\ComfyUI-Launcher\\src\\main\\sources\\standalone\\templateInputAssets.ts": {"lines":{"total":56,"covered":32,"skipped":0,"pct":57.14},"functions":{"total":6,"covered":5,"skipped":0,"pct":83.33},"statements":{"total":68,"covered":38,"skipped":0,"pct":55.88},"branches":{"total":49,"covered":34,"skipped":0,"pct":69.38}}
,"F:\\workspaces\\station1\\stations\\station10\\ComfyUI-Launcher\\src\\main\\sources\\standalone\\templateModels.ts": {"lines":{"total":61,"covered":46,"skipped":0,"pct":75.4},"functions":{"total":8,"covered":8,"skipped":0,"pct":100},"statements":{"total":74,"covered":55,"skipped":0,"pct":74.32},"branches":{"total":59,"covered":43,"skipped":0,"pct":72.88}}
,"F:\\workspaces\\station1\\stations\\station10\\ComfyUI-Launcher\\src\\main\\sources\\standalone\\torchRepair.ts": {"lines":{"total":120,"covered":55,"skipped":0,"pct":45.83},"functions":{"total":17,"covered":12,"skipped":0,"pct":70.58},"statements":{"total":143,"covered":70,"skipped":0,"pct":48.95},"branches":{"total":102,"covered":51,"skipped":0,"pct":50}}
,"F:\\workspaces\\station1\\stations\\station10\\ComfyUI-Launcher\\src\\main\\sources\\standalone\\updateOrchestrator.ts": {"lines":{"total":212,"covered":24,"skipped":0,"pct":11.32},"functions":{"total":19,"covered":7,"skipped":0,"pct":36.84},"statements":{"total":231,"covered":27,"skipped":0,"pct":11.68},"branches":{"total":163,"covered":4,"skipped":0,"pct":2.45}}
,"F:\\workspaces\\station1\\stations\\station10\\ComfyUI-Launcher\\src\\main\\sources\\standalone\\updateSections.ts": {"lines":{"total":62,"covered":46,"skipped":0,"pct":74.19},"functions":{"total":7,"covered":5,"skipped":0,"pct":71.42},"statements":{"total":63,"covered":47,"skipped":0,"pct":74.6},"branches":{"total":99,"covered":55,"skipped":0,"pct":55.55}}
,"F:\\workspaces\\station1\\stations\\station10\\ComfyUI-Launcher\\src\\preload\\comfyPreload.ts": {"lines":{"total":37,"covered":6,"skipped":0,"pct":16.21},"functions":{"total":30,"covered":1,"skipped":0,"pct":3.33},"statements":{"total":44,"covered":6,"skipped":0,"pct":13.63},"branches":{"total":16,"covered":0,"skipped":0,"pct":0}}
,"F:\\workspaces\\station1\\stations\\station10\\ComfyUI-Launcher\\src\\renderer\\src\\i18n.ts": {"lines":{"total":1,"covered":1,"skipped":0,"pct":100},"functions":{"total":0,"covered":0,"skipped":0,"pct":100},"statements":{"total":1,"covered":1,"skipped":0,"pct":100},"branches":{"total":0,"covered":0,"skipped":0,"pct":100}}
,"F:\\workspaces\\station1\\stations\\station10\\ComfyUI-Launcher\\src\\renderer\\src\\assets\\lighting\\beam.svg": {"lines":{"total":0,"covered":0,"skipped":0,"pct":100},"functions":{"total":0,"covered":0,"skipped":0,"pct":100},"statements":{"total":0,"covered":0,"skipped":0,"pct":100},"branches":{"total":0,"covered":0,"skipped":0,"pct":100}}
,"F:\\workspaces\\station1\\stations\\station10\\ComfyUI-Launcher\\src\\renderer\\src\\assets\\lighting\\beam_2.svg": {"lines":{"total":0,"covered":0,"skipped":0,"pct":100},"functions":{"total":0,"covered":0,"skipped":0,"pct":100},"statements":{"total":0,"covered":0,"skipped":0,"pct":100},"branches":{"total":0,"covered":0,"skipped":0,"pct":100}}
,"F:\\workspaces\\station1\\stations\\station10\\ComfyUI-Launcher\\src\\renderer\\src\\comfyTitleBar\\TitleBarApp.vue": {"lines":{"total":164,"covered":127,"skipped":0,"pct":77.43},"functions":{"total":39,"covered":27,"skipped":0,"pct":69.23},"statements":{"total":185,"covered":133,"skipped":0,"pct":71.89},"branches":{"total":159,"covered":108,"skipped":0,"pct":67.92}}
,"F:\\workspaces\\station1\\stations\\station10\\ComfyUI-Launcher\\src\\renderer\\src\\comfyTitleBar\\useCentralPillCoachmark.ts": {"lines":{"total":27,"covered":27,"skipped":0,"pct":100},"functions":{"total":5,"covered":5,"skipped":0,"pct":100},"statements":{"total":34,"covered":32,"skipped":0,"pct":94.11},"branches":{"total":23,"covered":21,"skipped":0,"pct":91.3}}
,"F:\\workspaces\\station1\\stations\\station10\\ComfyUI-Launcher\\src\\renderer\\src\\comfyTitleBar\\useTitleBarHoverGate.ts": {"lines":{"total":20,"covered":18,"skipped":0,"pct":90},"functions":{"total":6,"covered":5,"skipped":0,"pct":83.33},"statements":{"total":21,"covered":19,"skipped":0,"pct":90.47},"branches":{"total":2,"covered":2,"skipped":0,"pct":100}}
,"F:\\workspaces\\station1\\stations\\station10\\ComfyUI-Launcher\\src\\renderer\\src\\comfyTitleBar\\useTitleBarIdentity.ts": {"lines":{"total":42,"covered":39,"skipped":0,"pct":92.85},"functions":{"total":18,"covered":15,"skipped":0,"pct":83.33},"statements":{"total":50,"covered":45,"skipped":0,"pct":90},"branches":{"total":9,"covered":6,"skipped":0,"pct":66.66}}
,"F:\\workspaces\\station1\\stations\\station10\\ComfyUI-Launcher\\src\\renderer\\src\\comfyTitleBar\\useTitleBarMenus.ts": {"lines":{"total":83,"covered":81,"skipped":0,"pct":97.59},"functions":{"total":21,"covered":21,"skipped":0,"pct":100},"statements":{"total":101,"covered":96,"skipped":0,"pct":95.04},"branches":{"total":37,"covered":29,"skipped":0,"pct":78.37}}
,"F:\\workspaces\\station1\\stations\\station10\\ComfyUI-Launcher\\src\\renderer\\src\\comfyTitleBar\\useTitleBarTooltip.ts": {"lines":{"total":48,"covered":43,"skipped":0,"pct":89.58},"functions":{"total":8,"covered":8,"skipped":0,"pct":100},"statements":{"total":54,"covered":46,"skipped":0,"pct":85.18},"branches":{"total":28,"covered":21,"skipped":0,"pct":75}}
,"F:\\workspaces\\station1\\stations\\station10\\ComfyUI-Launcher\\src\\renderer\\src\\comfyTitleBar\\useUpdatePills.ts": {"lines":{"total":32,"covered":32,"skipped":0,"pct":100},"functions":{"total":12,"covered":12,"skipped":0,"pct":100},"statements":{"total":38,"covered":36,"skipped":0,"pct":94.73},"branches":{"total":16,"covered":12,"skipped":0,"pct":75}}
,"F:\\workspaces\\station1\\stations\\station10\\ComfyUI-Launcher\\src\\renderer\\src\\comfyTitlePopup\\DownloadsFullView.vue": {"lines":{"total":73,"covered":11,"skipped":0,"pct":15.06},"functions":{"total":44,"covered":0,"skipped":0,"pct":0},"statements":{"total":90,"covered":11,"skipped":0,"pct":12.22},"branches":{"total":78,"covered":0,"skipped":0,"pct":0}}
,"F:\\workspaces\\station1\\stations\\station10\\ComfyUI-Launcher\\src\\renderer\\src\\comfyTitlePopup\\DownloadsView.vue": {"lines":{"total":47,"covered":43,"skipped":0,"pct":91.48},"functions":{"total":22,"covered":19,"skipped":0,"pct":86.36},"statements":{"total":53,"covered":48,"skipped":0,"pct":90.56},"branches":{"total":55,"covered":47,"skipped":0,"pct":85.45}}
,"F:\\workspaces\\station1\\stations\\station10\\ComfyUI-Launcher\\src\\renderer\\src\\comfyTitlePopup\\GlobalSettingsView.vue": {"lines":{"total":86,"covered":67,"skipped":0,"pct":77.9},"functions":{"total":38,"covered":34,"skipped":0,"pct":89.47},"statements":{"total":104,"covered":77,"skipped":0,"pct":74.03},"branches":{"total":58,"covered":34,"skipped":0,"pct":58.62}}
,"F:\\workspaces\\station1\\stations\\station10\\ComfyUI-Launcher\\src\\renderer\\src\\comfyTitlePopup\\InstancePickerView.vue": {"lines":{"total":151,"covered":112,"skipped":0,"pct":74.17},"functions":{"total":51,"covered":43,"skipped":0,"pct":84.31},"statements":{"total":175,"covered":126,"skipped":0,"pct":72},"branches":{"total":113,"covered":71,"skipped":0,"pct":62.83}}
,"F:\\workspaces\\station1\\stations\\station10\\ComfyUI-Launcher\\src\\renderer\\src\\comfyTitlePopup\\MenuView.vue": {"lines":{"total":11,"covered":11,"skipped":0,"pct":100},"functions":{"total":4,"covered":4,"skipped":0,"pct":100},"statements":{"total":15,"covered":12,"skipped":0,"pct":80},"branches":{"total":14,"covered":8,"skipped":0,"pct":57.14}}
,"F:\\workspaces\\station1\\stations\\station10\\ComfyUI-Launcher\\src\\renderer\\src\\comfyTitlePopup\\TitlePopupApp.vue": {"lines":{"total":84,"covered":65,"skipped":0,"pct":77.38},"functions":{"total":20,"covered":15,"skipped":0,"pct":75},"statements":{"total":91,"covered":69,"skipped":0,"pct":75.82},"branches":{"total":42,"covered":19,"skipped":0,"pct":45.23}}
,"F:\\workspaces\\station1\\stations\\station10\\ComfyUI-Launcher\\src\\renderer\\src\\comfyTitlePopup\\dismissPickerModals.ts": {"lines":{"total":4,"covered":4,"skipped":0,"pct":100},"functions":{"total":1,"covered":1,"skipped":0,"pct":100},"statements":{"total":5,"covered":5,"skipped":0,"pct":100},"branches":{"total":2,"covered":2,"skipped":0,"pct":100}}
,"F:\\workspaces\\station1\\stations\\station10\\ComfyUI-Launcher\\src\\renderer\\src\\comfyTitlePopup\\pickerSettingsApiShim.ts": {"lines":{"total":18,"covered":16,"skipped":0,"pct":88.88},"functions":{"total":10,"covered":5,"skipped":0,"pct":50},"statements":{"total":21,"covered":16,"skipped":0,"pct":76.19},"branches":{"total":10,"covered":4,"skipped":0,"pct":40}}
,"F:\\workspaces\\station1\\stations\\station10\\ComfyUI-Launcher\\src\\renderer\\src\\comfyTitlePopup\\globalSettings\\GitHubLinkCard.vue": {"lines":{"total":8,"covered":8,"skipped":0,"pct":100},"functions":{"total":2,"covered":2,"skipped":0,"pct":100},"statements":{"total":10,"covered":9,"skipped":0,"pct":90},"branches":{"total":10,"covered":5,"skipped":0,"pct":50}}
,"F:\\workspaces\\station1\\stations\\station10\\ComfyUI-Launcher\\src\\renderer\\src\\comfyTitlePopup\\globalSettings\\GlobalSettingsMicroSection.vue": {"lines":{"total":3,"covered":3,"skipped":0,"pct":100},"functions":{"total":0,"covered":0,"skipped":0,"pct":100},"statements":{"total":4,"covered":4,"skipped":0,"pct":100},"branches":{"total":2,"covered":2,"skipped":0,"pct":100}}
,"F:\\workspaces\\station1\\stations\\station10\\ComfyUI-Launcher\\src\\renderer\\src\\comfyTitlePopup\\globalSettings\\GlobalStorageSections.vue": {"lines":{"total":56,"covered":38,"skipped":0,"pct":67.85},"functions":{"total":23,"covered":16,"skipped":0,"pct":69.56},"statements":{"total":72,"covered":44,"skipped":0,"pct":61.11},"branches":{"total":38,"covered":21,"skipped":0,"pct":55.26}}
,"F:\\workspaces\\station1\\stations\\station10\\ComfyUI-Launcher\\src\\renderer\\src\\comfyTitlePopup\\globalSettings\\ModelsDirList.vue": {"lines":{"total":69,"covered":50,"skipped":0,"pct":72.46},"functions":{"total":33,"covered":24,"skipped":0,"pct":72.72},"statements":{"total":77,"covered":55,"skipped":0,"pct":71.42},"branches":{"total":71,"covered":59,"skipped":0,"pct":83.09}}
,"F:\\workspaces\\station1\\stations\\station10\\ComfyUI-Launcher\\src\\renderer\\src\\comfyTitlePopup\\globalSettings\\UpdatesSection.vue": {"lines":{"total":73,"covered":41,"skipped":0,"pct":56.16},"functions":{"total":18,"covered":11,"skipped":0,"pct":61.11},"statements":{"total":89,"covered":46,"skipped":0,"pct":51.68},"branches":{"total":91,"covered":40,"skipped":0,"pct":43.95}}
,"F:\\workspaces\\station1\\stations\\station10\\ComfyUI-Launcher\\src\\renderer\\src\\comfyTitlePopup\\instancePicker\\InstanceRow.vue": {"lines":{"total":11,"covered":11,"skipped":0,"pct":100},"functions":{"total":5,"covered":5,"skipped":0,"pct":100},"statements":{"total":16,"covered":16,"skipped":0,"pct":100},"branches":{"total":18,"covered":15,"skipped":0,"pct":83.33}}
,"F:\\workspaces\\station1\\stations\\station10\\ComfyUI-Launcher\\src\\renderer\\src\\components\\BrandBackground.vue": {"lines":{"total":2,"covered":2,"skipped":0,"pct":100},"functions":{"total":0,"covered":0,"skipped":0,"pct":100},"statements":{"total":2,"covered":2,"skipped":0,"pct":100},"branches":{"total":0,"covered":0,"skipped":0,"pct":100}}
,"F:\\workspaces\\station1\\stations\\station10\\ComfyUI-Launcher\\src\\renderer\\src\\components\\BrandFinishedSurface.vue": {"lines":{"total":17,"covered":16,"skipped":0,"pct":94.11},"functions":{"total":5,"covered":4,"skipped":0,"pct":80},"statements":{"total":17,"covered":16,"skipped":0,"pct":94.11},"branches":{"total":14,"covered":12,"skipped":0,"pct":85.71}}
,"F:\\workspaces\\station1\\stations\\station10\\ComfyUI-Launcher\\src\\renderer\\src\\components\\BrandProgressView.vue": {"lines":{"total":20,"covered":20,"skipped":0,"pct":100},"functions":{"total":7,"covered":7,"skipped":0,"pct":100},"statements":{"total":28,"covered":28,"skipped":0,"pct":100},"branches":{"total":20,"covered":20,"skipped":0,"pct":100}}
,"F:\\workspaces\\station1\\stations\\station10\\ComfyUI-Launcher\\src\\renderer\\src\\components\\BrandTakeoverLayout.vue": {"lines":{"total":17,"covered":14,"skipped":0,"pct":82.35},"functions":{"total":6,"covered":5,"skipped":0,"pct":83.33},"statements":{"total":18,"covered":14,"skipped":0,"pct":77.77},"branches":{"total":6,"covered":4,"skipped":0,"pct":66.66}}
,"F:\\workspaces\\station1\\stations\\station10\\ComfyUI-Launcher\\src\\renderer\\src\\components\\BrandVariantList.vue": {"lines":{"total":6,"covered":2,"skipped":0,"pct":33.33},"functions":{"total":2,"covered":0,"skipped":0,"pct":0},"statements":{"total":6,"covered":2,"skipped":0,"pct":33.33},"branches":{"total":8,"covered":0,"skipped":0,"pct":0}}
,"F:\\workspaces\\station1\\stations\\station10\\ComfyUI-Launcher\\src\\renderer\\src\\components\\ContextMenu.vue": {"lines":{"total":34,"covered":29,"skipped":0,"pct":85.29},"functions":{"total":9,"covered":6,"skipped":0,"pct":66.66},"statements":{"total":42,"covered":30,"skipped":0,"pct":71.42},"branches":{"total":31,"covered":19,"skipped":0,"pct":61.29}}
,"F:\\workspaces\\station1\\stations\\station10\\ComfyUI-Launcher\\src\\renderer\\src\\components\\DetailSection.vue": {"lines":{"total":76,"covered":42,"skipped":0,"pct":55.26},"functions":{"total":34,"covered":11,"skipped":0,"pct":32.35},"statements":{"total":80,"covered":45,"skipped":0,"pct":56.25},"branches":{"total":109,"covered":42,"skipped":0,"pct":38.53}}
,"F:\\workspaces\\station1\\stations\\station10\\ComfyUI-Launcher\\src\\renderer\\src\\components\\DialogHost.vue": {"lines":{"total":6,"covered":5,"skipped":0,"pct":83.33},"functions":{"total":5,"covered":4,"skipped":0,"pct":80},"statements":{"total":10,"covered":9,"skipped":0,"pct":90},"branches":{"total":9,"covered":4,"skipped":0,"pct":44.44}}
,"F:\\workspaces\\station1\\stations\\station10\\ComfyUI-Launcher\\src\\renderer\\src\\components\\DownloadThumbnail.vue": {"lines":{"total":8,"covered":6,"skipped":0,"pct":75},"functions":{"total":3,"covered":1,"skipped":0,"pct":33.33},"statements":{"total":9,"covered":7,"skipped":0,"pct":77.77},"branches":{"total":6,"covered":2,"skipped":0,"pct":33.33}}
,"F:\\workspaces\\station1\\stations\\station10\\ComfyUI-Launcher\\src\\renderer\\src\\components\\EnvVarsEditor.vue": {"lines":{"total":38,"covered":2,"skipped":0,"pct":5.26},"functions":{"total":15,"covered":0,"skipped":0,"pct":0},"statements":{"total":43,"covered":2,"skipped":0,"pct":4.65},"branches":{"total":19,"covered":0,"skipped":0,"pct":0}}
,"F:\\workspaces\\station1\\stations\\station10\\ComfyUI-Launcher\\src\\renderer\\src\\components\\FeedbackModal.vue": {"lines":{"total":38,"covered":19,"skipped":0,"pct":50},"functions":{"total":10,"covered":4,"skipped":0,"pct":40},"statements":{"total":41,"covered":19,"skipped":0,"pct":46.34},"branches":{"total":22,"covered":5,"skipped":0,"pct":22.72}}
,"F:\\workspaces\\station1\\stations\\station10\\ComfyUI-Launcher\\src\\renderer\\src\\components\\InfoTooltip.vue": {"lines":{"total":3,"covered":3,"skipped":0,"pct":100},"functions":{"total":1,"covered":1,"skipped":0,"pct":100},"statements":{"total":3,"covered":3,"skipped":0,"pct":100},"branches":{"total":0,"covered":0,"skipped":0,"pct":100}}
,"F:\\workspaces\\station1\\stations\\station10\\ComfyUI-Launcher\\src\\renderer\\src\\components\\InlineRichText.vue": {"lines":{"total":9,"covered":9,"skipped":0,"pct":100},"functions":{"total":2,"covered":2,"skipped":0,"pct":100},"statements":{"total":10,"covered":10,"skipped":0,"pct":100},"branches":{"total":8,"covered":8,"skipped":0,"pct":100}}
,"F:\\workspaces\\station1\\stations\\station10\\ComfyUI-Launcher\\src\\renderer\\src\\components\\InstallNamePath.vue": {"lines":{"total":8,"covered":6,"skipped":0,"pct":75},"functions":{"total":4,"covered":2,"skipped":0,"pct":50},"statements":{"total":8,"covered":6,"skipped":0,"pct":75},"branches":{"total":13,"covered":9,"skipped":0,"pct":69.23}}
,"F:\\workspaces\\station1\\stations\\station10\\ComfyUI-Launcher\\src\\renderer\\src\\components\\MigrateConfirmBody.vue": {"lines":{"total":19,"covered":12,"skipped":0,"pct":63.15},"functions":{"total":5,"covered":0,"skipped":0,"pct":0},"statements":{"total":20,"covered":12,"skipped":0,"pct":60},"branches":{"total":3,"covered":0,"skipped":0,"pct":0}}
,"F:\\workspaces\\station1\\stations\\station10\\ComfyUI-Launcher\\src\\renderer\\src\\components\\MigrationBanner.vue": {"lines":{"total":20,"covered":18,"skipped":0,"pct":90},"functions":{"total":4,"covered":3,"skipped":0,"pct":75},"statements":{"total":23,"covered":20,"skipped":0,"pct":86.95},"branches":{"total":8,"covered":6,"skipped":0,"pct":75}}
,"F:\\workspaces\\station1\\stations\\station10\\ComfyUI-Launcher\\src\\renderer\\src\\components\\ModalDialog.vue": {"lines":{"total":147,"covered":76,"skipped":0,"pct":51.7},"functions":{"total":52,"covered":12,"skipped":0,"pct":23.07},"statements":{"total":159,"covered":78,"skipped":0,"pct":49.05},"branches":{"total":151,"covered":32,"skipped":0,"pct":21.19}}
,"F:\\workspaces\\station1\\stations\\station10\\ComfyUI-Launcher\\src\\renderer\\src\\components\\PathDiskInfo.vue": {"lines":{"total":1,"covered":1,"skipped":0,"pct":100},"functions":{"total":0,"covered":0,"skipped":0,"pct":100},"statements":{"total":1,"covered":1,"skipped":0,"pct":100},"branches":{"total":12,"covered":5,"skipped":0,"pct":41.66}}
,"F:\\workspaces\\station1\\stations\\station10\\ComfyUI-Launcher\\src\\renderer\\src\\components\\SnapshotDiffView.vue": {"lines":{"total":23,"covered":6,"skipped":0,"pct":26.08},"functions":{"total":11,"covered":0,"skipped":0,"pct":0},"statements":{"total":23,"covered":6,"skipped":0,"pct":26.08},"branches":{"total":39,"covered":0,"skipped":0,"pct":0}}
,"F:\\workspaces\\station1\\stations\\station10\\ComfyUI-Launcher\\src\\renderer\\src\\components\\StorageItemIcon.vue": {"lines":{"total":6,"covered":6,"skipped":0,"pct":100},"functions":{"total":2,"covered":2,"skipped":0,"pct":100},"statements":{"total":7,"covered":7,"skipped":0,"pct":100},"branches":{"total":4,"covered":4,"skipped":0,"pct":100}}
,"F:\\workspaces\\station1\\stations\\station10\\ComfyUI-Launcher\\src\\renderer\\src\\components\\TakeoverBack.vue": {"lines":{"total":4,"covered":4,"skipped":0,"pct":100},"functions":{"total":1,"covered":1,"skipped":0,"pct":100},"statements":{"total":4,"covered":4,"skipped":0,"pct":100},"branches":{"total":2,"covered":2,"skipped":0,"pct":100}}
,"F:\\workspaces\\station1\\stations\\station10\\ComfyUI-Launcher\\src\\renderer\\src\\components\\TemplatePickerStep.vue": {"lines":{"total":52,"covered":51,"skipped":0,"pct":98.07},"functions":{"total":21,"covered":21,"skipped":0,"pct":100},"statements":{"total":61,"covered":56,"skipped":0,"pct":91.8},"branches":{"total":60,"covered":50,"skipped":0,"pct":83.33}}
,"F:\\workspaces\\station1\\stations\\station10\\ComfyUI-Launcher\\src\\renderer\\src\\components\\TermsModal.vue": {"lines":{"total":16,"covered":16,"skipped":0,"pct":100},"functions":{"total":7,"covered":7,"skipped":0,"pct":100},"statements":{"total":18,"covered":18,"skipped":0,"pct":100},"branches":{"total":19,"covered":17,"skipped":0,"pct":89.47}}
,"F:\\workspaces\\station1\\stations\\station10\\ComfyUI-Launcher\\src\\renderer\\src\\components\\TooltipWrap.vue": {"lines":{"total":2,"covered":2,"skipped":0,"pct":100},"functions":{"total":1,"covered":1,"skipped":0,"pct":100},"statements":{"total":2,"covered":2,"skipped":0,"pct":100},"branches":{"total":0,"covered":0,"skipped":0,"pct":100}}
,"F:\\workspaces\\station1\\stations\\station10\\ComfyUI-Launcher\\src\\renderer\\src\\components\\TruncatedText.vue": {"lines":{"total":6,"covered":6,"skipped":0,"pct":100},"functions":{"total":4,"covered":3,"skipped":0,"pct":75},"statements":{"total":7,"covered":6,"skipped":0,"pct":85.71},"branches":{"total":8,"covered":6,"skipped":0,"pct":75}}
,"F:\\workspaces\\station1\\stations\\station10\\ComfyUI-Launcher\\src\\renderer\\src\\components\\icons\\BrandProgressGlyph.vue": {"lines":{"total":1,"covered":1,"skipped":0,"pct":100},"functions":{"total":0,"covered":0,"skipped":0,"pct":100},"statements":{"total":1,"covered":1,"skipped":0,"pct":100},"branches":{"total":2,"covered":2,"skipped":0,"pct":100}}
,"F:\\workspaces\\station1\\stations\\station10\\ComfyUI-Launcher\\src\\renderer\\src\\components\\icons\\ComfyCLogo.vue": {"lines":{"total":1,"covered":1,"skipped":0,"pct":100},"functions":{"total":0,"covered":0,"skipped":0,"pct":100},"statements":{"total":1,"covered":1,"skipped":0,"pct":100},"branches":{"total":2,"covered":2,"skipped":0,"pct":100}}
,"F:\\workspaces\\station1\\stations\\station10\\ComfyUI-Launcher\\src\\renderer\\src\\components\\icons\\ComfyWordmark.vue": {"lines":{"total":1,"covered":1,"skipped":0,"pct":100},"functions":{"total":0,"covered":0,"skipped":0,"pct":100},"statements":{"total":1,"covered":1,"skipped":0,"pct":100},"branches":{"total":2,"covered":2,"skipped":0,"pct":100}}
,"F:\\workspaces\\station1\\stations\\station10\\ComfyUI-Launcher\\src\\renderer\\src\\components\\settings\\ComfyUISettingsContent.vue": {"lines":{"total":338,"covered":218,"skipped":0,"pct":64.49},"functions":{"total":120,"covered":79,"skipped":0,"pct":65.83},"statements":{"total":402,"covered":250,"skipped":0,"pct":62.18},"branches":{"total":363,"covered":205,"skipped":0,"pct":56.47}}
,"F:\\workspaces\\station1\\stations\\station10\\ComfyUI-Launcher\\src\\renderer\\src\\components\\ui\\BaseAccordion.vue": {"lines":{"total":1,"covered":1,"skipped":0,"pct":100},"functions":{"total":0,"covered":0,"skipped":0,"pct":100},"statements":{"total":1,"covered":1,"skipped":0,"pct":100},"branches":{"total":4,"covered":4,"skipped":0,"pct":100}}
,"F:\\workspaces\\station1\\stations\\station10\\ComfyUI-Launcher\\src\\renderer\\src\\components\\ui\\BaseActionSheet.vue": {"lines":{"total":22,"covered":22,"skipped":0,"pct":100},"functions":{"total":11,"covered":11,"skipped":0,"pct":100},"statements":{"total":24,"covered":24,"skipped":0,"pct":100},"branches":{"total":14,"covered":14,"skipped":0,"pct":100}}
,"F:\\workspaces\\station1\\stations\\station10\\ComfyUI-Launcher\\src\\renderer\\src\\components\\ui\\BaseAlert.vue": {"lines":{"total":57,"covered":53,"skipped":0,"pct":92.98},"functions":{"total":28,"covered":25,"skipped":0,"pct":89.28},"statements":{"total":67,"covered":61,"skipped":0,"pct":91.04},"branches":{"total":71,"covered":57,"skipped":0,"pct":80.28}}
,"F:\\workspaces\\station1\\stations\\station10\\ComfyUI-Launcher\\src\\renderer\\src\\components\\ui\\BaseCopyButton.vue": {"lines":{"total":19,"covered":8,"skipped":0,"pct":42.1},"functions":{"total":4,"covered":2,"skipped":0,"pct":50},"statements":{"total":21,"covered":9,"skipped":0,"pct":42.85},"branches":{"total":9,"covered":2,"skipped":0,"pct":22.22}}
,"F:\\workspaces\\station1\\stations\\station10\\ComfyUI-Launcher\\src\\renderer\\src\\components\\ui\\BaseInput.vue": {"lines":{"total":8,"covered":8,"skipped":0,"pct":100},"functions":{"total":4,"covered":4,"skipped":0,"pct":100},"statements":{"total":10,"covered":10,"skipped":0,"pct":100},"branches":{"total":16,"covered":15,"skipped":0,"pct":93.75}}
,"F:\\workspaces\\station1\\stations\\station10\\ComfyUI-Launcher\\src\\renderer\\src\\components\\ui\\BaseModal.vue": {"lines":{"total":41,"covered":38,"skipped":0,"pct":92.68},"functions":{"total":15,"covered":14,"skipped":0,"pct":93.33},"statements":{"total":47,"covered":42,"skipped":0,"pct":89.36},"branches":{"total":31,"covered":26,"skipped":0,"pct":83.87}}
,"F:\\workspaces\\station1\\stations\\station10\\ComfyUI-Launcher\\src\\renderer\\src\\components\\ui\\BasePrompt.vue": {"lines":{"total":36,"covered":34,"skipped":0,"pct":94.44},"functions":{"total":14,"covered":12,"skipped":0,"pct":85.71},"statements":{"total":37,"covered":35,"skipped":0,"pct":94.59},"branches":{"total":37,"covered":32,"skipped":0,"pct":86.48}}
,"F:\\workspaces\\station1\\stations\\station10\\ComfyUI-Launcher\\src\\renderer\\src\\components\\ui\\BaseSelect.vue": {"lines":{"total":105,"covered":60,"skipped":0,"pct":57.14},"functions":{"total":26,"covered":17,"skipped":0,"pct":65.38},"statements":{"total":125,"covered":65,"skipped":0,"pct":52},"branches":{"total":81,"covered":34,"skipped":0,"pct":41.97}}
,"F:\\workspaces\\station1\\stations\\station10\\ComfyUI-Launcher\\src\\renderer\\src\\components\\ui\\OperationErrorDetail.vue": {"lines":{"total":4,"covered":3,"skipped":0,"pct":75},"functions":{"total":1,"covered":0,"skipped":0,"pct":0},"statements":{"total":4,"covered":3,"skipped":0,"pct":75},"branches":{"total":0,"covered":0,"skipped":0,"pct":100}}
,"F:\\workspaces\\station1\\stations\\station10\\ComfyUI-Launcher\\src\\renderer\\src\\components\\ui\\Tooltip.vue": {"lines":{"total":25,"covered":17,"skipped":0,"pct":68},"functions":{"total":8,"covered":6,"skipped":0,"pct":75},"statements":{"total":27,"covered":18,"skipped":0,"pct":66.66},"branches":{"total":15,"covered":8,"skipped":0,"pct":53.33}}
,"F:\\workspaces\\station1\\stations\\station10\\ComfyUI-Launcher\\src\\renderer\\src\\components\\ui\\index.ts": {"lines":{"total":0,"covered":0,"skipped":0,"pct":100},"functions":{"total":0,"covered":0,"skipped":0,"pct":100},"statements":{"total":0,"covered":0,"skipped":0,"pct":100},"branches":{"total":0,"covered":0,"skipped":0,"pct":100}}
,"F:\\workspaces\\station1\\stations\\station10\\ComfyUI-Launcher\\src\\renderer\\src\\composables\\actionShoppingList.ts": {"lines":{"total":90,"covered":30,"skipped":0,"pct":33.33},"functions":{"total":18,"covered":7,"skipped":0,"pct":38.88},"statements":{"total":110,"covered":36,"skipped":0,"pct":32.72},"branches":{"total":124,"covered":41,"skipped":0,"pct":33.06}}
,"F:\\workspaces\\station1\\stations\\station10\\ComfyUI-Launcher\\src\\renderer\\src\\composables\\useActionGuard.ts": {"lines":{"total":16,"covered":16,"skipped":0,"pct":100},"functions":{"total":3,"covered":3,"skipped":0,"pct":100},"statements":{"total":18,"covered":18,"skipped":0,"pct":100},"branches":{"total":13,"covered":13,"skipped":0,"pct":100}}
,"F:\\workspaces\\station1\\stations\\station10\\ComfyUI-Launcher\\src\\renderer\\src\\composables\\useAdoptAction.ts": {"lines":{"total":22,"covered":6,"skipped":0,"pct":27.27},"functions":{"total":2,"covered":1,"skipped":0,"pct":50},"statements":{"total":22,"covered":6,"skipped":0,"pct":27.27},"branches":{"total":24,"covered":2,"skipped":0,"pct":8.33}}
[...]
,"F:\\workspaces\\station1\\stations\\station10\\ComfyUI-Launcher\\src\\renderer\\src\\lib\\progressWeights.ts": {"lines":{"total":16,"covered":16,"skipped":0,"pct":100},"functions":{"total":5,"covered":5,"skipped":0,"pct":100},"statements":{"total":22,"covered":22,"skipped":0,"pct":100},"branches":{"total":12,"covered":10,"skipped":0,"pct":83.33}}
,"F:\\workspaces\\station1\\stations\\station10\\ComfyUI-Launcher\\src\\renderer\\src\\lib\\snapshots.ts": {"lines":{"total":80,"covered":21,"skipped":0,"pct":26.25},"functions":{"total":19,"covered":6,"skipped":0,"pct":31.57},"statements":{"total":95,"covered":25,"skipped":0,"pct":26.31},"branches":{"total":82,"covered":14,"skipped":0,"pct":17.07}}
,"F:\\workspaces\\station1\\stations\\station10\\ComfyUI-Launcher\\src\\renderer\\src\\lib\\stopWarning.ts": {"lines":{"total":14,"covered":12,"skipped":0,"pct":85.71},"functions":{"total":4,"covered":3,"skipped":0,"pct":75},"statements":{"total":16,"covered":12,"skipped":0,"pct":75},"branches":{"total":12,"covered":9,"skipped":0,"pct":75}}
,"F:\\workspaces\\station1\\stations\\station10\\ComfyUI-Launcher\\src\\renderer\\src\\lib\\supportUrl.ts": {"lines":{"total":10,"covered":7,"skipped":0,"pct":70},"functions":{"total":2,"covered":2,"skipped":0,"pct":100},"statements":{"total":14,"covered":9,"skipped":0,"pct":64.28},"branches":{"total":8,"covered":2,"skipped":0,"pct":25}}
,"F:\\workspaces\\station1\\stations\\station10\\ComfyUI-Launcher\\src\\renderer\\src\\lib\\telemetry.ts": {"lines":{"total":36,"covered":36,"skipped":0,"pct":100},"functions":{"total":8,"covered":8,"skipped":0,"pct":100},"statements":{"total":56,"covered":56,"skipped":0,"pct":100},"branches":{"total":60,"covered":59,"skipped":0,"pct":98.33}}
,"F:\\workspaces\\station1\\stations\\station10\\ComfyUI-Launcher\\src\\renderer\\src\\lib\\uiTiming.ts": {"lines":{"total":8,"covered":8,"skipped":0,"pct":100},"functions":{"total":3,"covered":3,"skipped":0,"pct":100},"statements":{"total":9,"covered":9,"skipped":0,"pct":100},"branches":{"total":4,"covered":3,"skipped":0,"pct":75}}
,"F:\\workspaces\\station1\\stations\\station10\\ComfyUI-Launcher\\src\\renderer\\src\\lib\\useAppLocale.ts": {"lines":{"total":13,"covered":13,"skipped":0,"pct":100},"functions":{"total":10,"covered":10,"skipped":0,"pct":100},"statements":{"total":15,"covered":15,"skipped":0,"pct":100},"branches":{"total":6,"covered":6,"skipped":0,"pct":100}}
,"F:\\workspaces\\station1\\stations\\station10\\ComfyUI-Launcher\\src\\renderer\\src\\lib\\variants.ts": {"lines":{"total":24,"covered":16,"skipped":0,"pct":66.66},"functions":{"total":10,"covered":8,"skipped":0,"pct":80},"statements":{"total":30,"covered":20,"skipped":0,"pct":66.66},"branches":{"total":31,"covered":15,"skipped":0,"pct":48.38}}
,"F:\\workspaces\\station1\\stations\\station10\\ComfyUI-Launcher\\src\\renderer\\src\\panel\\ComfyLifecycleView.vue": {"lines":{"total":90,"covered":83,"skipped":0,"pct":92.22},"functions":{"total":20,"covered":18,"skipped":0,"pct":90},"statements":{"total":109,"covered":96,"skipped":0,"pct":88.07},"branches":{"total":89,"covered":72,"skipped":0,"pct":80.89}}
,"F:\\workspaces\\station1\\stations\\station10\\ComfyUI-Launcher\\src\\renderer\\src\\panel\\PanelApp.vue": {"lines":{"total":166,"covered":98,"skipped":0,"pct":59.03},"functions":{"total":37,"covered":17,"skipped":0,"pct":45.94},"statements":{"total":171,"covered":101,"skipped":0,"pct":59.06},"branches":{"total":105,"covered":53,"skipped":0,"pct":50.47}}
,"F:\\workspaces\\station1\\stations\\station10\\ComfyUI-Launcher\\src\\renderer\\src\\panel\\e2eRendererHooks.ts": {"lines":{"total":44,"covered":3,"skipped":0,"pct":6.81},"functions":{"total":20,"covered":0,"skipped":0,"pct":0},"statements":{"total":45,"covered":3,"skipped":0,"pct":6.66},"branches":{"total":38,"covered":0,"skipped":0,"pct":0}}
,"F:\\workspaces\\station1\\stations\\station10\\ComfyUI-Launcher\\src\\renderer\\src\\panel\\useChooserHandoff.ts": {"lines":{"total":39,"covered":12,"skipped":0,"pct":30.76},"functions":{"total":11,"covered":3,"skipped":0,"pct":27.27},"statements":{"total":43,"covered":12,"skipped":0,"pct":27.9},"branches":{"total":22,"covered":5,"skipped":0,"pct":22.72}}
,"F:\\workspaces\\station1\\stations\\station10\\ComfyUI-Launcher\\src\\renderer\\src\\panel\\useFirstUseChain.ts": {"lines":{"total":165,"covered":113,"skipped":0,"pct":68.48},"functions":{"total":27,"covered":18,"skipped":0,"pct":66.66},"statements":{"total":177,"covered":120,"skipped":0,"pct":67.79},"branches":{"total":98,"covered":63,"skipped":0,"pct":64.28}}
,"F:\\workspaces\\station1\\stations\\station10\\ComfyUI-Launcher\\src\\renderer\\src\\panel\\usePanelOverlays.ts": {"lines":{"total":75,"covered":57,"skipped":0,"pct":76},"functions":{"total":17,"covered":13,"skipped":0,"pct":76.47},"statements":{"total":86,"covered":66,"skipped":0,"pct":76.74},"branches":{"total":71,"covered":52,"skipped":0,"pct":73.23}}
,"F:\\workspaces\\station1\\stations\\station10\\ComfyUI-Launcher\\src\\renderer\\src\\stores\\downloadStore.ts": {"lines":{"total":33,"covered":32,"skipped":0,"pct":96.96},"functions":{"total":14,"covered":13,"skipped":0,"pct":92.85},"statements":{"total":38,"covered":34,"skipped":0,"pct":89.47},"branches":{"total":24,"covered":21,"skipped":0,"pct":87.5}}
,"F:\\workspaces\\station1\\stations\\station10\\ComfyUI-Launcher\\src\\renderer\\src\\stores\\installationStore.ts": {"lines":{"total":16,"covered":13,"skipped":0,"pct":81.25},"functions":{"total":7,"covered":5,"skipped":0,"pct":71.42},"statements":{"total":19,"covered":14,"skipped":0,"pct":73.68},"branches":{"total":2,"covered":0,"skipped":0,"pct":0}}
,"F:\\workspaces\\station1\\stations\\station10\\ComfyUI-Launcher\\src\\renderer\\src\\stores\\progressStore.ts": {"lines":{"total":144,"covered":112,"skipped":0,"pct":77.77},"functions":{"total":18,"covered":13,"skipped":0,"pct":72.22},"statements":{"total":167,"covered":126,"skipped":0,"pct":75.44},"branches":{"total":142,"covered":90,"skipped":0,"pct":63.38}}
,"F:\\workspaces\\station1\\stations\\station10\\ComfyUI-Launcher\\src\\renderer\\src\\stores\\sessionStore.ts": {"lines":{"total":87,"covered":70,"skipped":0,"pct":80.45},"functions":{"total":27,"covered":20,"skipped":0,"pct":74.07},"statements":{"total":94,"covered":74,"skipped":0,"pct":78.72},"branches":{"total":36,"covered":23,"skipped":0,"pct":63.88}}
,"F:\\workspaces\\station1\\stations\\station10\\ComfyUI-Launcher\\src\\renderer\\src\\types\\ipc.ts": {"lines":{"total":0,"covered":0,"skipped":0,"pct":100},"functions":{"total":0,"covered":0,"skipped":0,"pct":100},"statements":{"total":0,"covered":0,"skipped":0,"pct":100},"branches":{"total":0,"covered":0,"skipped":0,"pct":100}}
,"F:\\workspaces\\station1\\stations\\station10\\ComfyUI-Launcher\\src\\renderer\\src\\utils\\fuzzyMatch.ts": {"lines":{"total":29,"covered":26,"skipped":0,"pct":89.65},"functions":{"total":2,"covered":2,"skipped":0,"pct":100},"statements":{"total":41,"covered":32,"skipped":0,"pct":78.04},"branches":{"total":26,"covered":18,"skipped":0,"pct":69.23}}
,"F:\\workspaces\\station1\\stations\\station10\\ComfyUI-Launcher\\src\\renderer\\src\\views\\ChooserView.vue": {"lines":{"total":66,"covered":41,"skipped":0,"pct":62.12},"functions":{"total":17,"covered":11,"skipped":0,"pct":64.7},"statements":{"total":74,"covered":44,"skipped":0,"pct":59.45},"branches":{"total":55,"covered":27,"skipped":0,"pct":49.09}}
,"F:\\workspaces\\station1\\stations\\station10\\ComfyUI-Launcher\\src\\renderer\\src\\views\\FirstUseTakeover.vue": {"lines":{"total":234,"covered":170,"skipped":0,"pct":72.64},"functions":{"total":52,"covered":30,"skipped":0,"pct":57.69},"statements":{"total":248,"covered":174,"skipped":0,"pct":70.16},"branches":{"total":163,"covered":95,"skipped":0,"pct":58.28}}
,"F:\\workspaces\\station1\\stations\\station10\\ComfyUI-Launcher\\src\\renderer\\src\\views\\InstallWizardModal.vue": {"lines":{"total":428,"covered":149,"skipped":0,"pct":34.81},"functions":{"total":88,"covered":17,"skipped":0,"pct":19.31},"statements":{"total":491,"covered":151,"skipped":0,"pct":30.75},"branches":{"total":399,"covered":44,"skipped":0,"pct":11.02}}
,"F:\\workspaces\\station1\\stations\\station10\\ComfyUI-Launcher\\src\\renderer\\src\\views\\ProgressModal.vue": {"lines":{"total":255,"covered":185,"skipped":0,"pct":72.54},"functions":{"total":63,"covered":42,"skipped":0,"pct":66.66},"statements":{"total":319,"covered":212,"skipped":0,"pct":66.45},"branches":{"total":328,"covered":215,"skipped":0,"pct":65.54}}
,"F:\\workspaces\\station1\\stations\\station10\\ComfyUI-Launcher\\src\\renderer\\src\\views\\TrackModal.vue": {"lines":{"total":135,"covered":118,"skipped":0,"pct":87.4},"functions":{"total":26,"covered":19,"skipped":0,"pct":73.07},"statements":{"total":150,"covered":128,"skipped":0,"pct":85.33},"branches":{"total":98,"covered":63,"skipped":0,"pct":64.28}}
,"F:\\workspaces\\station1\\stations\\station10\\ComfyUI-Launcher\\src\\renderer\\src\\views\\chooser\\ChooserInstallTile.vue": {"lines":{"total":58,"covered":47,"skipped":0,"pct":81.03},"functions":{"total":34,"covered":22,"skipped":0,"pct":64.7},"statements":{"total":70,"covered":57,"skipped":0,"pct":81.42},"branches":{"total":78,"covered":70,"skipped":0,"pct":89.74}}
,"F:\\workspaces\\station1\\stations\\station10\\ComfyUI-Launcher\\src\\renderer\\src\\views\\comfyUISettings\\ArgsBuilderField.vue": {"lines":{"total":22,"covered":19,"skipped":0,"pct":86.36},"functions":{"total":10,"covered":7,"skipped":0,"pct":70},"statements":{"total":27,"covered":22,"skipped":0,"pct":81.48},"branches":{"total":8,"covered":4,"skipped":0,"pct":50}}
,"F:\\workspaces\\station1\\stations\\station10\\ComfyUI-Launcher\\src\\renderer\\src\\views\\comfyUISettings\\ArgsBuilderPage.vue": {"lines":{"total":174,"covered":125,"skipped":0,"pct":71.83},"functions":{"total":48,"covered":31,"skipped":0,"pct":64.58},"statements":{"total":204,"covered":144,"skipped":0,"pct":70.58},"branches":{"total":139,"covered":84,"skipped":0,"pct":60.43}}
,"F:\\workspaces\\station1\\stations\\station10\\ComfyUI-Launcher\\src\\renderer\\src\\views\\comfyUISettings\\ArgsRawInput.vue": {"lines":{"total":33,"covered":32,"skipped":0,"pct":96.96},"functions":{"total":19,"covered":18,"skipped":0,"pct":94.73},"statements":{"total":37,"covered":36,"skipped":0,"pct":97.29},"branches":{"total":35,"covered":31,"skipped":0,"pct":88.57}}
,"F:\\workspaces\\station1\\stations\\station10\\ComfyUI-Launcher\\src\\renderer\\src\\views\\comfyUISettings\\BooleanToggle.vue": {"lines":{"total":10,"covered":6,"skipped":0,"pct":60},"functions":{"total":3,"covered":1,"skipped":0,"pct":33.33},"statements":{"total":10,"covered":6,"skipped":0,"pct":60},"branches":{"total":4,"covered":4,"skipped":0,"pct":100}}
,"F:\\workspaces\\station1\\stations\\station10\\ComfyUI-Launcher\\src\\renderer\\src\\views\\comfyUISettings\\ChannelPicker.vue": {"lines":{"total":137,"covered":8,"skipped":0,"pct":5.83},"functions":{"total":43,"covered":0,"skipped":0,"pct":0},"statements":{"total":156,"covered":8,"skipped":0,"pct":5.12},"branches":{"total":145,"covered":0,"skipped":0,"pct":0}}
,"F:\\workspaces\\station1\\stations\\station10\\ComfyUI-Launcher\\src\\renderer\\src\\views\\comfyUISettings\\ConsoleTerminalPane.vue": {"lines":{"total":114,"covered":95,"skipped":0,"pct":83.33},"functions":{"total":22,"covered":17,"skipped":0,"pct":77.27},"statements":{"total":139,"covered":103,"skipped":0,"pct":74.1},"branches":{"total":77,"covered":47,"skipped":0,"pct":61.03}}
,"F:\\workspaces\\station1\\stations\\station10\\ComfyUI-Launcher\\src\\renderer\\src\\views\\comfyUISettings\\EnvVarsField.vue": {"lines":{"total":62,"covered":3,"skipped":0,"pct":4.83},"functions":{"total":22,"covered":0,"skipped":0,"pct":0},"statements":{"total":71,"covered":3,"skipped":0,"pct":4.22},"branches":{"total":37,"covered":0,"skipped":0,"pct":0}}
,"F:\\workspaces\\station1\\stations\\station10\\ComfyUI-Launcher\\src\\renderer\\src\\views\\comfyUISettings\\ExtraModelPathsModal.vue": {"lines":{"total":20,"covered":18,"skipped":0,"pct":90},"functions":{"total":10,"covered":8,"skipped":0,"pct":80},"statements":{"total":20,"covered":18,"skipped":0,"pct":90},"branches":{"total":15,"covered":12,"skipped":0,"pct":80}}
,"F:\\workspaces\\station1\\stations\\station10\\ComfyUI-Launcher\\src\\renderer\\src\\views\\comfyUISettings\\MoreMenu.vue": {"lines":{"total":45,"covered":15,"skipped":0,"pct":33.33},"functions":{"total":14,"covered":3,"skipped":0,"pct":21.42},"statements":{"total":56,"covered":15,"skipped":0,"pct":26.78},"branches":{"total":32,"covered":1,"skipped":0,"pct":3.12}}
,"F:\\workspaces\\station1\\stations\\station10\\ComfyUI-Launcher\\src\\renderer\\src\\views\\comfyUISettings\\PathField.vue": {"lines":{"total":12,"covered":8,"skipped":0,"pct":66.66},"functions":{"total":6,"covered":4,"skipped":0,"pct":66.66},"statements":{"total":17,"covered":11,"skipped":0,"pct":64.7},"branches":{"total":14,"covered":6,"skipped":0,"pct":42.85}}
,"F:\\workspaces\\station1\\stations\\station10\\ComfyUI-Launcher\\src\\renderer\\src\\views\\comfyUISettings\\SettingsSectionList.vue": {"lines":{"total":64,"covered":38,"skipped":0,"pct":59.37},"functions":{"total":41,"covered":15,"skipped":0,"pct":36.58},"statements":{"total":74,"covered":41,"skipped":0,"pct":55.4},"branches":{"total":146,"covered":52,"skipped":0,"pct":35.61}}
,"F:\\workspaces\\station1\\stations\\station10\\ComfyUI-Launcher\\src\\renderer\\src\\views\\comfyUISettings\\SnapshotRow.vue": {"lines":{"total":40,"covered":39,"skipped":0,"pct":97.5},"functions":{"total":14,"covered":13,"skipped":0,"pct":92.85},"statements":{"total":46,"covered":45,"skipped":0,"pct":97.82},"branches":{"total":51,"covered":32,"skipped":0,"pct":62.74}}
,"F:\\workspaces\\station1\\stations\\station10\\ComfyUI-Launcher\\src\\renderer\\src\\views\\comfyUISettings\\SnapshotsView.vue": {"lines":{"total":257,"covered":150,"skipped":0,"pct":58.36},"functions":{"total":58,"covered":35,"skipped":0,"pct":60.34},"statements":{"total":282,"covered":166,"skipped":0,"pct":58.86},"branches":{"total":220,"covered":127,"skipped":0,"pct":57.72}}
,"F:\\workspaces\\station1\\stations\\station10\\ComfyUI-Launcher\\src\\renderer\\src\\views\\comfyUISettings\\StatusFactPanel.vue": {"lines":{"total":173,"covered":110,"skipped":0,"pct":63.58},"functions":{"total":41,"covered":30,"skipped":0,"pct":73.17},"statements":{"total":201,"covered":125,"skipped":0,"pct":62.18},"branches":{"total":155,"covered":78,"skipped":0,"pct":50.32}}
,"F:\\workspaces\\station1\\stations\\station10\\ComfyUI-Launcher\\src\\renderer\\src\\views\\comfyUISettings\\StorageDirRow.vue": {"lines":{"total":9,"covered":8,"skipped":0,"pct":88.88},"functions":{"total":3,"covered":2,"skipped":0,"pct":66.66},"statements":{"total":10,"covered":9,"skipped":0,"pct":90},"branches":{"total":11,"covered":11,"skipped":0,"pct":100}}
,"F:\\workspaces\\station1\\stations\\station10\\ComfyUI-Launcher\\src\\renderer\\src\\views\\comfyUISettings\\StoragePane.vue": {"lines":{"total":171,"covered":131,"skipped":0,"pct":76.6},"functions":{"total":79,"covered":59,"skipped":0,"pct":74.68},"statements":{"total":226,"covered":162,"skipped":0,"pct":71.68},"branches":{"total":162,"covered":105,"skipped":0,"pct":64.81}}
,"F:\\workspaces\\station1\\stations\\station10\\ComfyUI-Launcher\\src\\shared\\colorLuminance.ts": {"lines":{"total":2,"covered":1,"skipped":0,"pct":50},"functions":{"total":1,"covered":0,"skipped":0,"pct":0},"statements":{"total":2,"covered":1,"skipped":0,"pct":50},"branches":{"total":0,"covered":0,"skipped":0,"pct":100}}
,"F:\\workspaces\\station1\\stations\\station10\\ComfyUI-Launcher\\src\\shared\\datadogMirroredEvents.ts": {"lines":{"total":9,"covered":9,"skipped":0,"pct":100},"functions":{"total":2,"covered":2,"skipped":0,"pct":100},"statements":{"total":10,"covered":10,"skipped":0,"pct":100},"branches":{"total":6,"covered":6,"skipped":0,"pct":100}}
,"F:\\workspaces\\station1\\stations\\station10\\ComfyUI-Launcher\\src\\shared\\defaultInstallName.ts": {"lines":{"total":1,"covered":1,"skipped":0,"pct":100},"functions":{"total":0,"covered":0,"skipped":0,"pct":100},"statements":{"total":1,"covered":1,"skipped":0,"pct":100},"branches":{"total":0,"covered":0,"skipped":0,"pct":100}}
,"F:\\workspaces\\station1\\stations\\station10\\ComfyUI-Launcher\\src\\shared\\errorBucket.ts": {"lines":{"total":29,"covered":29,"skipped":0,"pct":100},"functions":{"total":1,"covered":1,"skipped":0,"pct":100},"statements":{"total":35,"covered":35,"skipped":0,"pct":100},"branches":{"total":71,"covered":70,"skipped":0,"pct":98.59}}
,"F:\\workspaces\\station1\\stations\\station10\\ComfyUI-Launcher\\src\\shared\\errorEvent.ts": {"lines":{"total":41,"covered":40,"skipped":0,"pct":97.56},"functions":{"total":6,"covered":6,"skipped":0,"pct":100},"statements":{"total":48,"covered":47,"skipped":0,"pct":97.91},"branches":{"total":40,"covered":36,"skipped":0,"pct":90}}
,"F:\\workspaces\\station1\\stations\\station10\\ComfyUI-Launcher\\src\\shared\\firstUseMode.ts": {"lines":{"total":5,"covered":5,"skipped":0,"pct":100},"functions":{"total":4,"covered":4,"skipped":0,"pct":100},"statements":{"total":5,"covered":5,"skipped":0,"pct":100},"branches":{"total":6,"covered":6,"skipped":0,"pct":100}}
,"F:\\workspaces\\station1\\stations\\station10\\ComfyUI-Launcher\\src\\shared\\operationStatus.ts": {"lines":{"total":1,"covered":1,"skipped":0,"pct":100},"functions":{"total":0,"covered":0,"skipped":0,"pct":100},"statements":{"total":1,"covered":1,"skipped":0,"pct":100},"branches":{"total":0,"covered":0,"skipped":0,"pct":100}}
,"F:\\workspaces\\station1\\stations\\station10\\ComfyUI-Launcher\\src\\shared\\piiScrub.ts": {"lines":{"total":11,"covered":11,"skipped":0,"pct":100},"functions":{"total":4,"covered":4,"skipped":0,"pct":100},"statements":{"total":12,"covered":12,"skipped":0,"pct":100},"branches":{"total":0,"covered":0,"skipped":0,"pct":100}}
,"F:\\workspaces\\station1\\stations\\station10\\ComfyUI-Launcher\\src\\shared\\posthogConfig.ts": {"lines":{"total":3,"covered":3,"skipped":0,"pct":100},"functions":{"total":1,"covered":1,"skipped":0,"pct":100},"statements":{"total":3,"covered":3,"skipped":0,"pct":100},"branches":{"total":2,"covered":1,"skipped":0,"pct":50}}
,"F:\\workspaces\\station1\\stations\\station10\\ComfyUI-Launcher\\src\\shared\\terminalShortcuts.ts": {"lines":{"total":15,"covered":15,"skipped":0,"pct":100},"functions":{"total":1,"covered":1,"skipped":0,"pct":100},"statements":{"total":22,"covered":22,"skipped":0,"pct":100},"branches":{"total":47,"covered":47,"skipped":0,"pct":100}}
,"F:\\workspaces\\station1\\stations\\station10\\ComfyUI-Launcher\\src\\shared\\testIds.ts": {"lines":{"total":12,"covered":9,"skipped":0,"pct":75},"functions":{"total":11,"covered":8,"skipped":0,"pct":72.72},"statements":{"total":12,"covered":9,"skipped":0,"pct":75},"branches":{"total":0,"covered":0,"skipped":0,"pct":100}}
,"F:\\workspaces\\station1\\stations\\station10\\ComfyUI-Launcher\\src\\shared\\viewKind.ts": {"lines":{"total":5,"covered":5,"skipped":0,"pct":100},"functions":{"total":3,"covered":3,"skipped":0,"pct":100},"statements":{"total":6,"covered":6,"skipped":0,"pct":100},"branches":{"total":10,"covered":10,"skipped":0,"pct":100}}
,"F:\\workspaces\\station1\\stations\\station10\\ComfyUI-Launcher\\src\\shared\\navigation\\navDecision.ts": {"lines":{"total":13,"covered":13,"skipped":0,"pct":100},"functions":{"total":4,"covered":4,"skipped":0,"pct":100},"statements":{"total":14,"covered":14,"skipped":0,"pct":100},"branches":{"total":8,"covered":8,"skipped":0,"pct":100}}
,"F:\\workspaces\\station1\\stations\\station10\\ComfyUI-Launcher\\src\\types\\ipc.ts": {"lines":{"total":4,"covered":4,"skipped":0,"pct":100},"functions":{"total":0,"covered":0,"skipped":0,"pct":100},"statements":{"total":4,"covered":4,"skipped":0,"pct":100},"branches":{"total":0,"covered":0,"skipped":0,"pct":100}}
}
